PRT1
319
992
4 0 2 (3072 5120 -888 ) (3072 5120 3764 ) (3072 5876 3764 ) (3072 5876 -888 ) 
4 0 1 (3072 5120 3764 ) (3072 5120 -888 ) (3336 5120 -888 ) (3336 5120 3764 ) 
4 1 8 (3336 4096 3764 ) (3072 4096 3764 ) (3072 4096 -888 ) (3336 4096 -888 ) 
4 1 3 (3072 4096 -888 ) (3072 4096 3764 ) (3072 5120 3764 ) (3072 5120 -888 ) 
4 2 4 (2048 5120 -888 ) (2048 5120 3764 ) (2048 5876 3764 ) (2048 5876 -888 ) 
4 2 3 (3072 5120 -888 ) (3072 5120 3764 ) (2048 5120 3764 ) (2048 5120 -888 ) 
4 3 12 (3072 4096 -888 ) (3072 4096 3764 ) (2048 4096 3764 ) (2048 4096 -888 ) 
4 3 6 (2048 4096 -888 ) (2048 4096 3764 ) (2048 5120 3764 ) (2048 5120 -888 ) 
4 4 6 (2048 5120 -888 ) (2048 5120 3764 ) (1024 5120 3764 ) (1024 5120 -888 ) 
4 4 5 (1024 5120 -888 ) (1024 5120 3764 ) (1024 5876 3764 ) (1024 5876 -888 ) 
4 5 29 (0 5120 -888 ) (0 5120 3764 ) (0 5876 3764 ) (0 5876 -888 ) 
4 5 7 (1024 5120 -888 ) (1024 5120 3764 ) (0 5120 3764 ) (0 5120 -888 ) 
4 6 14 (2048 4096 -888 ) (2048 4096 3764 ) (1024 4096 3764 ) (1024 4096 -888 ) 
4 6 7 (1024 5120 3764 ) (1024 5120 -888 ) (1024 4096 -888 ) (1024 4096 3764 ) 
4 7 30 (0 4096 -888 ) (0 4096 3764 ) (0 5120 3764 ) (0 5120 -888 ) 
4 7 15 (1024 4096 -888 ) (1024 4096 3764 ) (0 4096 3764 ) (0 4096 -888 ) 
4 8 12 (3072 4096 3764 ) (3072 4096 -888 ) (3072 3072 -888 ) (3072 3072 3764 ) 
4 8 9 (3072 3072 3764 ) (3072 3072 -888 ) (3336 3072 -888 ) (3336 3072 3764 ) 
4 9 13 (3072 2048 -888 ) (3072 2048 3764 ) (3072 3072 3764 ) (3072 3072 -888 ) 
4 9 10 (3336 2048 3764 ) (3072 2048 3764 ) (3072 2048 -888 ) (3336 2048 -888 ) 
4 10 18 (3072 1024 -888 ) (3072 1024 3764 ) (3072 2048 3764 ) (3072 2048 -888 ) 
4 10 11 (3072 1024 3764 ) (3072 1024 -888 ) (3336 1024 -888 ) (3336 1024 3764 ) 
4 11 144 (3336 0 3764 ) (3072 0 3764 ) (3072 0 -888 ) (3336 0 -888 ) 
4 11 19 (3072 0 -888 ) (3072 0 3764 ) (3072 1024 3764 ) (3072 1024 -888 ) 
4 12 14 (2048 4096 3764 ) (2048 4096 -888 ) (2048 3072 -888 ) (2048 3072 3764 ) 
4 12 13 (3072 3072 -888 ) (3072 3072 3764 ) (2048 3072 3764 ) (2048 3072 -888 ) 
4 13 18 (3072 2048 -888 ) (3072 2048 3764 ) (2048 2048 3764 ) (2048 2048 -888 ) 
4 13 16 (2048 2048 -888 ) (2048 2048 3764 ) (2048 3072 3764 ) (2048 3072 -888 ) 
4 14 16 (2048 3072 -888 ) (2048 3072 3764 ) (1024 3072 3764 ) (1024 3072 -888 ) 
4 14 15 (1024 4096 3764 ) (1024 4096 -888 ) (1024 3072 -888 ) (1024 3072 3764 ) 
4 15 39 (0 3072 -888 ) (0 3072 3764 ) (0 4096 3764 ) (0 4096 -888 ) 
4 15 17 (1024 3072 -888 ) (1024 3072 3764 ) (0 3072 3764 ) (0 3072 -888 ) 
4 16 20 (2048 2048 -888 ) (2048 2048 3764 ) (1024 2048 3764 ) (1024 2048 -888 ) 
4 16 17 (1024 3072 3764 ) (1024 3072 -888 ) (1024 2048 -888 ) (1024 2048 3764 ) 
4 17 48 (0 2048 -888 ) (0 2048 0 ) (0 3072 0 ) (0 3072 -888 ) 
4 17 44 (0 2048 0 ) (0 2048 16 ) (0 3072 16 ) (0 3072 0 ) 
4 17 40 (0 2048 16 ) (0 2048 3764 ) (0 3072 3764 ) (0 3072 16 ) 
4 17 24 (1024 2048 -888 ) (1024 2048 -32 ) (0 2048 -32 ) (0 2048 -888 ) 
4 17 22 (64 2048 3764 ) (0 2048 3764 ) (0 2048 -32 ) (64 2048 -32 ) 
4 17 21 (1024 2048 -32 ) (1024 2048 3764 ) (64 2048 3764 ) (64 2048 -32 ) 
4 18 20 (2048 2048 3764 ) (2048 2048 -888 ) (2048 1024 -888 ) (2048 1024 3764 ) 
4 18 19 (3072 1024 -888 ) (3072 1024 3764 ) (2048 1024 3764 ) (2048 1024 -888 ) 
4 19 147 (3072 0 -888 ) (3072 0 3764 ) (2048 0 3764 ) (2048 0 -888 ) 
4 19 25 (2048 0 -888 ) (2048 0 3764 ) (2048 1024 3764 ) (2048 1024 -888 ) 
4 20 25 (2048 1024 -888 ) (2048 1024 3764 ) (1024 1024 3764 ) (1024 1024 -888 ) 
4 20 24 (1024 2048 -32 ) (1024 2048 -888 ) (1024 1024 -888 ) (1024 1024 -32 ) 
4 20 21 (1024 2048 3764 ) (1024 2048 -32 ) (1024 1024 -32 ) (1024 1024 3764 ) 
4 21 26 (1024 1024 -32 ) (1024 1024 3764 ) (64 1024 3764 ) (64 1024 -32 ) 
4 21 24 (1024 1024 -32 ) (64 1024 -32 ) (64 2048 -32 ) (1024 2048 -32 ) 
4 21 23 (64 1024 0 ) (64 1024 3764 ) (64 1584 3764 ) (64 1584 0 ) 
4 21 22 (64 2048 -32 ) (64 1584 -32 ) (64 1584 3764 ) (64 2048 3764 ) 
4 22 75 (0 2048 0 ) (0 2048 -32 ) (0 1584 -32 ) (0 1584 0 ) 
4 22 68 (0 2048 16 ) (0 2048 0 ) (0 1584 0 ) (0 1584 16 ) 
4 22 54 (0 2048 160 ) (0 2048 16 ) (0 1584 16 ) (0 1584 160 ) 
4 22 53 (0 1584 3764 ) (0 2048 3764 ) (0 2048 160 ) (0 1584 160 ) 
4 22 24 (0 1584 -32 ) (0 2048 -32 ) (64 2048 -32 ) (64 1584 -32 ) 
4 22 23 (64 1584 0 ) (64 1584 3764 ) (0 1584 3764 ) (0 1584 0 ) 
4 23 69 (0 1024 0 ) (0 1024 16 ) (0 1272 16 ) (0 1272 0 ) 
4 23 68 (0 1272 16 ) (0 1584 16 ) (0 1584 0 ) (0 1272 0 ) 
4 23 54 (0 1024 16 ) (0 1024 160 ) (0 1584 160 ) (0 1584 16 ) 
4 23 53 (0 1024 160 ) (0 1024 3764 ) (0 1584 3764 ) (0 1584 160 ) 
4 23 27 (64 1024 3764 ) (0 1024 3764 ) (0 1024 0 ) (64 1024 0 ) 
4 24 76 (0 1024 -888 ) (0 1024 -32 ) (0 1584 -32 ) (0 1584 -888 ) 
4 24 75 (0 1584 -32 ) (0 2048 -32 ) (0 2048 -888 ) (0 1584 -888 ) 
4 24 28 (1024 1024 -888 ) (1024 1024 -32 ) (0 1024 -32 ) (0 1024 -888 ) 
4 25 148 (2048 0 -888 ) (2048 0 3764 ) (1024 0 3764 ) (1024 0 -888 ) 
4 25 28 (1024 1024 -32 ) (1024 1024 -888 ) (1024 0 -888 ) (1024 0 -32 ) 
4 25 26 (1024 1024 3764 ) (1024 1024 -32 ) (1024 0 -32 ) (1024 0 3764 ) 
4 26 149 (1024 0 -32 ) (1024 0 3764 ) (64 0 3764 ) (64 0 -32 ) 
4 26 28 (1024 0 -32 ) (64 0 -32 ) (64 1024 -32 ) (1024 1024 -32 ) 
4 26 27 (64 0 0 ) (64 0 3764 ) (64 1024 3764 ) (64 1024 0 ) 
4 27 150 (64 0 3764 ) (0 0 3764 ) (0 0 0 ) (64 0 0 ) 
4 27 78 (0 0 0 ) (0 0 3764 ) (0 1024 3764 ) (0 1024 0 ) 
4 28 152 (1024 0 -888 ) (1024 0 -32 ) (0 0 -32 ) (0 0 -888 ) 
4 28 81 (0 0 -888 ) (0 0 -32 ) (0 1024 -32 ) (0 1024 -888 ) 
4 29 31 (-1024 5120 -888 ) (-1024 5120 3764 ) (-1024 5876 3764 ) (-1024 5876 -888 ) 
4 29 30 (0 5120 -888 ) (0 5120 3764 ) (-1024 5120 3764 ) (-1024 5120 -888 ) 
4 30 39 (0 4096 -888 ) (0 4096 3764 ) (-1024 4096 3764 ) (-1024 4096 -888 ) 
4 30 33 (-1024 4096 -888 ) (-1024 4096 3764 ) (-1024 5120 3764 ) (-1024 5120 -888 ) 
4 31 33 (-1024 5120 -888 ) (-1024 5120 3764 ) (-2048 5120 3764 ) (-2048 5120 -888 ) 
4 31 32 (-2048 5120 -888 ) (-2048 5120 3764 ) (-2048 5876 3764 ) (-2048 5876 -888 ) 
4 32 35 (-3072 5120 -888 ) (-3072 5120 3764 ) (-3072 5876 3764 ) (-3072 5876 -888 ) 
4 32 34 (-2048 5120 -888 ) (-2048 5120 3764 ) (-3072 5120 3764 ) (-3072 5120 -888 ) 
4 33 49 (-1024 4096 -888 ) (-1024 4096 3764 ) (-2048 4096 3764 ) (-2048 4096 -888 ) 
4 33 34 (-2048 5120 3764 ) (-2048 5120 -888 ) (-2048 4096 -888 ) (-2048 4096 3764 ) 
4 34 50 (-2048 4096 -888 ) (-2048 4096 3764 ) (-3072 4096 3764 ) (-3072 4096 -888 ) 
4 34 36 (-3072 4096 -888 ) (-3072 4096 3764 ) (-3072 5120 3764 ) (-3072 5120 -888 ) 
4 35 37 (-4096 5120 -888 ) (-4096 5120 3764 ) (-4096 5876 3764 ) (-4096 5876 -888 ) 
4 35 36 (-3072 5120 -888 ) (-3072 5120 3764 ) (-4096 5120 3764 ) (-4096 5120 -888 ) 
4 36 136 (-3072 4096 -888 ) (-3072 4096 3764 ) (-4096 4096 3764 ) (-4096 4096 -888 ) 
4 36 38 (-4096 4096 -888 ) (-4096 4096 3764 ) (-4096 5120 3764 ) (-4096 5120 -888 ) 
4 37 38 (-4096 5120 -888 ) (-4096 5120 3764 ) (-4308 5120 3764 ) (-4308 5120 -888 ) 
4 38 138 (-4096 4096 -888 ) (-4096 4096 3764 ) (-4308 4096 3764 ) (-4308 4096 -888 ) 
4 39 49 (-1024 4096 3764 ) (-1024 4096 -888 ) (-1024 3072 -888 ) (-1024 3072 3764 ) 
4 39 48 (0 3072 -888 ) (0 3072 0 ) (-1024 3072 0 ) (-1024 3072 -888 ) 
4 39 46 (-744 3072 16 ) (-880 3072 16 ) (-880 3072 0 ) (-744 3072 0 ) 
4 39 47 (-880 3072 16 ) (-1024 3072 16 ) (-1024 3072 0 ) (-880 3072 0 ) 
4 39 45 (-464 3072 16 ) (-744 3072 16 ) (-744 3072 0 ) (-464 3072 0 ) 
4 39 44 (0 3072 0 ) (0 3072 16 ) (-464 3072 16 ) (-464 3072 0 ) 
4 39 41 (-732 3072 3764 ) (-744 3072 3764 ) (-744 3072 16 ) (-732 3072 16 ) 
4 39 40 (0 3072 16 ) (0 3072 3764 ) (-732 3072 3764 ) (-732 3072 16 ) 
4 39 43 (-744 3072 3764 ) (-1024 3072 3764 ) (-1024 3072 16 ) (-744 3072 16 ) 
4 40 55 (-480 2048 160 ) (-512 2048 160 ) (-512 2048 16 ) (-480 2048 16 ) 
4 40 54 (0 2048 16 ) (0 2048 160 ) (-480 2048 160 ) (-480 2048 16 ) 
4 40 57 (-512 2048 160 ) (-732 2048 160 ) (-732 2048 16 ) (-512 2048 16 ) 
4 40 53 (0 2048 160 ) (0 2048 3764 ) (-732 2048 3764 ) (-732 2048 160 ) 
4 40 45 (-732 3072 16 ) (-464 3072 16 ) (-464 2220 16 ) (-732 2220 16 ) 
4 40 44 (-464 3072 16 ) (0 3072 16 ) (0 2048 16 ) (-464 2048 16 ) 
4 40 42 (-732 2048 136 ) (-732 2048 3764 ) (-732 2076 3764 ) (-732 2076 136 ) 
4 40 41 (-732 3072 16 ) (-732 2076 16 ) (-732 2076 3764 ) (-732 3072 3764 ) 
4 41 45 (-744 3072 16 ) (-732 3072 16 ) (-732 2220 16 ) (-744 2220 16 ) 
4 41 42 (-744 2076 3764 ) (-744 2076 136 ) (-732 2076 136 ) (-732 2076 3764 ) 
4 41 43 (-744 3072 16 ) (-744 2076 16 ) (-744 2076 3764 ) (-744 3072 3764 ) 
4 42 58 (-732 2048 3764 ) (-744 2048 3764 ) (-744 2048 136 ) (-732 2048 136 ) 
4 42 43 (-744 2048 136 ) (-744 2048 3764 ) (-744 2076 3764 ) (-744 2076 136 ) 
4 43 64 (-880 2048 270 ) (-880 2048 16 ) (-744 2048 16 ) (-744 2048 270 ) 
4 43 62 (-744 2048 3764 ) (-880 2048 3764 ) (-880 2048 270 ) (-744 2048 270 ) 
4 43 67 (-880 2048 3764 ) (-1024 2048 3764 ) (-1024 2048 16 ) (-880 2048 16 ) 
4 43 51 (-1024 2048 16 ) (-1024 2048 3764 ) (-1024 3072 3764 ) (-1024 3072 16 ) 
4 43 46 (-880 3072 16 ) (-744 3072 16 ) (-744 2176 16 ) (-880 2176 16 ) 
4 43 47 (-1024 2048 16 ) (-1024 3072 16 ) (-880 3072 16 ) (-880 2048 16 ) 
4 44 68 (0 2048 0 ) (0 2048 16 ) (-464 2048 16 ) (-464 2048 0 ) 
4 44 48 (0 2048 0 ) (-464 2048 0 ) (-464 3072 0 ) (0 3072 0 ) 
4 44 45 (-464 3072 0 ) (-464 2220 0 ) (-464 2220 16 ) (-464 3072 16 ) 
4 45 48 (-744 2220 0 ) (-744 3072 0 ) (-464 3072 0 ) (-464 2220 0 ) 
4 45 46 (-744 3072 0 ) (-744 2220 0 ) (-744 2220 16 ) (-744 3072 16 ) 
4 46 48 (-880 2176 0 ) (-880 3072 0 ) (-744 3072 0 ) (-744 2176 0 ) 
4 46 47 (-880 3072 0 ) (-880 2176 0 ) (-880 2176 16 ) (-880 3072 16 ) 
4 47 74 (-880 2048 16 ) (-1024 2048 16 ) (-1024 2048 0 ) (-880 2048 0 ) 
4 47 51 (-1024 2048 0 ) (-1024 2048 16 ) (-1024 3072 16 ) (-1024 3072 0 ) 
4 47 48 (-880 2048 0 ) (-1024 2048 0 ) (-1024 3072 0 ) (-880 3072 0 ) 
4 48 75 (0 2048 -888 ) (0 2048 0 ) (-160 2048 0 ) (-160 2048 -888 ) 
4 48 77 (-160 2048 0 ) (-1024 2048 0 ) (-1024 2048 -888 ) (-160 2048 -888 ) 
4 48 51 (-1024 2048 -888 ) (-1024 2048 0 ) (-1024 3072 0 ) (-1024 3072 -888 ) 
4 49 51 (-1024 3072 -888 ) (-1024 3072 3764 ) (-2048 3072 3764 ) (-2048 3072 -888 ) 
4 49 50 (-2048 4096 3764 ) (-2048 4096 -888 ) (-2048 3072 -888 ) (-2048 3072 3764 ) 
4 50 136 (-3072 4096 3764 ) (-3072 4096 -888 ) (-3072 3072 -888 ) (-3072 3072 3764 ) 
4 50 52 (-2048 3072 -888 ) (-2048 3072 3764 ) (-3072 3072 3764 ) (-3072 3072 -888 ) 
4 51 107 (-1024 2048 -888 ) (-1024 2048 3764 ) (-2048 2048 3764 ) (-2048 2048 -888 ) 
4 51 52 (-2048 3072 3764 ) (-2048 3072 -888 ) (-2048 2048 -888 ) (-2048 2048 3764 ) 
4 52 137 (-3072 2048 -888 ) (-3072 2048 3764 ) (-3072 3072 3764 ) (-3072 3072 -888 ) 
4 52 108 (-2048 2048 -888 ) (-2048 2048 3764 ) (-3072 2048 3764 ) (-3072 2048 -888 ) 
4 53 96 (-720 1024 3764 ) (-732 1024 3764 ) (-732 1024 160 ) (-720 1024 160 ) 
4 53 82 (-480 1024 3764 ) (-720 1024 3764 ) (-720 1024 160 ) (-480 1024 160 ) 
4 53 78 (0 1024 160 ) (0 1024 3764 ) (-480 1024 3764 ) (-480 1024 160 ) 
4 53 58 (-732 2048 3764 ) (-732 2048 160 ) (-732 1024 160 ) (-732 1024 3764 ) 
4 53 55 (-512 1176 160 ) (-512 2048 160 ) (-480 2048 160 ) (-480 1176 160 ) 
4 53 56 (-480 1024 160 ) (-512 1024 160 ) (-512 1136 160 ) (-480 1136 160 ) 
4 53 54 (0 1024 160 ) (-480 1024 160 ) (-480 2048 160 ) (0 2048 160 ) 
4 53 57 (-512 1024 160 ) (-732 1024 160 ) (-732 2048 160 ) (-512 2048 160 ) 
4 54 78 (0 1024 16 ) (0 1024 160 ) (-480 1024 160 ) (-480 1024 16 ) 
4 54 69 (0 1272 16 ) (0 1024 16 ) (-480 1024 16 ) (-480 1272 16 ) 
4 54 68 (-464 2048 16 ) (0 2048 16 ) (0 1272 16 ) (-464 1272 16 ) 
4 54 55 (-480 2048 16 ) (-480 1176 16 ) (-480 1176 160 ) (-480 2048 160 ) 
4 54 56 (-480 1136 16 ) (-480 1024 16 ) (-480 1024 160 ) (-480 1136 160 ) 
4 55 70 (-480 1272 16 ) (-480 1176 16 ) (-512 1176 16 ) (-512 1272 16 ) 
4 55 57 (-512 2048 16 ) (-512 1176 16 ) (-512 1176 160 ) (-512 2048 160 ) 
4 56 83 (-480 1024 160 ) (-512 1024 160 ) (-512 1024 16 ) (-480 1024 16 ) 
4 56 70 (-480 1136 16 ) (-480 1120 16 ) (-512 1120 16 ) (-512 1136 16 ) 
4 56 57 (-512 1136 16 ) (-512 1024 16 ) (-512 1024 160 ) (-512 1136 160 ) 
4 57 96 (-720 1024 160 ) (-732 1024 160 ) (-732 1024 16 ) (-720 1024 16 ) 
4 57 83 (-512 1024 160 ) (-640 1024 160 ) (-640 1024 16 ) (-512 1024 16 ) 
4 57 84 (-640 1024 160 ) (-720 1024 160 ) (-720 1024 16 ) (-640 1024 16 ) 
4 57 71 (-640 1272 16 ) (-640 1096 16 ) (-664 1096 16 ) (-664 1272 16 ) 
4 57 72 (-640 1040 16 ) (-640 1024 16 ) (-664 1024 16 ) (-664 1040 16 ) 
4 57 73 (-664 1024 16 ) (-732 1024 16 ) (-732 1272 16 ) (-664 1272 16 ) 
4 57 70 (-512 1272 16 ) (-512 1120 16 ) (-640 1120 16 ) (-640 1272 16 ) 
4 57 61 (-732 1476 16 ) (-732 1024 16 ) (-732 1024 136 ) (-732 1476 136 ) 
4 57 59 (-732 1908 16 ) (-732 1860 16 ) (-732 1860 136 ) (-732 1908 136 ) 
4 57 60 (-732 1692 16 ) (-732 1644 16 ) (-732 1644 136 ) (-732 1692 136 ) 
4 57 58 (-732 2048 160 ) (-732 2048 136 ) (-732 1024 136 ) (-732 1024 160 ) 
4 58 96 (-744 1024 3764 ) (-744 1024 136 ) (-732 1024 136 ) (-732 1024 3764 ) 
4 58 65 (-744 1024 144 ) (-744 1024 270 ) (-744 1280 270 ) (-744 1280 144 ) 
4 58 64 (-744 1280 270 ) (-744 2048 270 ) (-744 2048 136 ) (-744 1280 136 ) 
4 58 63 (-744 1024 288 ) (-744 1024 3764 ) (-744 1282 3764 ) (-744 1282 288 ) 
4 58 62 (-744 1282 3764 ) (-744 2048 3764 ) (-744 2048 270 ) (-744 1282 270 ) 
4 58 61 (-744 1024 136 ) (-744 1476 136 ) (-732 1476 136 ) (-732 1024 136 ) 
4 58 59 (-744 1860 136 ) (-744 1908 136 ) (-732 1908 136 ) (-732 1860 136 ) 
4 58 60 (-744 1644 136 ) (-744 1692 136 ) (-732 1692 136 ) (-732 1644 136 ) 
4 59 64 (-744 1908 16 ) (-744 1860 16 ) (-744 1860 136 ) (-744 1908 136 ) 
4 60 64 (-744 1692 16 ) (-744 1644 16 ) (-744 1644 136 ) (-744 1692 136 ) 
4 61 96 (-744 1024 136 ) (-744 1024 16 ) (-732 1024 16 ) (-732 1024 136 ) 
4 61 73 (-732 1272 16 ) (-732 1024 16 ) (-744 1024 16 ) (-744 1272 16 ) 
4 61 66 (-744 1280 16 ) (-744 1024 16 ) (-744 1024 136 ) (-744 1280 136 ) 
4 61 64 (-744 1476 16 ) (-744 1280 16 ) (-744 1280 136 ) (-744 1476 136 ) 
4 62 64 (-880 1282 270 ) (-880 2048 270 ) (-744 2048 270 ) (-744 1282 270 ) 
4 62 63 (-880 1282 3764 ) (-880 1282 288 ) (-744 1282 288 ) (-744 1282 3764 ) 
4 62 67 (-880 1282 3764 ) (-880 2048 3764 ) (-880 2048 270 ) (-880 1282 270 ) 
4 63 100 (-744 1024 288 ) (-744 1024 3764 ) (-880 1024 3764 ) (-880 1024 288 ) 
4 63 67 (-880 1024 288 ) (-880 1024 3764 ) (-880 1282 3764 ) (-880 1282 288 ) 
4 64 65 (-744 1280 144 ) (-744 1280 270 ) (-880 1280 270 ) (-880 1280 144 ) 
4 64 66 (-744 1280 16 ) (-744 1280 136 ) (-880 1280 136 ) (-880 1280 16 ) 
4 64 67 (-880 2048 16 ) (-880 1280 16 ) (-880 1280 270 ) (-880 2048 270 ) 
4 65 101 (-744 1024 144 ) (-744 1024 270 ) (-880 1024 270 ) (-880 1024 144 ) 
4 65 67 (-880 1024 144 ) (-880 1024 270 ) (-880 1280 270 ) (-880 1280 144 ) 
4 66 102 (-880 1024 16 ) (-744 1024 16 ) (-744 1024 136 ) (-880 1024 136 ) 
4 66 67 (-880 1280 16 ) (-880 1024 16 ) (-880 1024 136 ) (-880 1280 136 ) 
4 67 107 (-1024 2048 3764 ) (-1024 2048 16 ) (-1024 1024 16 ) (-1024 1024 3764 ) 
4 67 103 (-1024 1024 3764 ) (-1024 1024 16 ) (-880 1024 16 ) (-880 1024 3764 ) 
4 67 74 (-1024 1024 16 ) (-1024 2048 16 ) (-880 2048 16 ) (-880 1024 16 ) 
4 68 75 (-160 2048 0 ) (0 2048 0 ) (0 1584 0 ) (-160 1584 0 ) 
4 68 77 (-464 2048 0 ) (-160 2048 0 ) (-160 1272 0 ) (-464 1272 0 ) 
4 68 69 (-464 1272 0 ) (0 1272 0 ) (0 1272 16 ) (-464 1272 16 ) 
4 69 78 (0 1024 0 ) (0 1024 16 ) (-480 1024 16 ) (-480 1024 0 ) 
4 69 77 (-160 1024 0 ) (-480 1024 0 ) (-480 1272 0 ) (-160 1272 0 ) 
4 69 70 (-480 1272 16 ) (-480 1272 0 ) (-480 1120 0 ) (-480 1120 16 ) 
4 70 77 (-640 1120 0 ) (-640 1272 0 ) (-480 1272 0 ) (-480 1120 0 ) 
4 70 71 (-640 1272 0 ) (-640 1120 0 ) (-640 1120 16 ) (-640 1272 16 ) 
4 71 77 (-664 1096 0 ) (-664 1272 0 ) (-640 1272 0 ) (-640 1096 0 ) 
4 71 73 (-664 1272 16 ) (-664 1272 0 ) (-664 1096 0 ) (-664 1096 16 ) 
4 72 84 (-640 1024 16 ) (-664 1024 16 ) (-664 1024 0 ) (-640 1024 0 ) 
4 72 77 (-640 1024 0 ) (-664 1024 0 ) (-664 1040 0 ) (-640 1040 0 ) 
4 72 73 (-664 1040 0 ) (-664 1024 0 ) (-664 1024 16 ) (-664 1040 16 ) 
4 73 97 (-720 1024 16 ) (-744 1024 16 ) (-744 1024 0 ) (-720 1024 0 ) 
4 73 84 (-664 1024 16 ) (-720 1024 16 ) (-720 1024 0 ) (-664 1024 0 ) 
4 73 77 (-664 1024 0 ) (-744 1024 0 ) (-744 1272 0 ) (-664 1272 0 ) 
4 74 107 (-1024 2048 16 ) (-1024 2048 0 ) (-1024 1024 0 ) (-1024 1024 16 ) 
4 74 104 (-880 1024 16 ) (-1024 1024 16 ) (-1024 1024 0 ) (-880 1024 0 ) 
4 74 77 (-880 1024 0 ) (-1024 1024 0 ) (-1024 2048 0 ) (-880 2048 0 ) 
4 75 76 (-160 1584 -32 ) (-160 1584 -888 ) (0 1584 -888 ) (0 1584 -32 ) 
4 75 77 (-160 2048 -888 ) (-160 1584 -888 ) (-160 1584 0 ) (-160 2048 0 ) 
4 76 81 (0 1024 -888 ) (0 1024 -32 ) (-160 1024 -32 ) (-160 1024 -888 ) 
4 76 77 (-160 1584 -888 ) (-160 1024 -888 ) (-160 1024 -32 ) (-160 1584 -32 ) 
4 77 107 (-1024 2048 0 ) (-1024 2048 -888 ) (-1024 1024 -888 ) (-1024 1024 0 ) 
4 77 106 (-744 1024 0 ) (-1024 1024 0 ) (-1024 1024 -888 ) (-744 1024 -888 ) 
4 77 99 (-720 1024 0 ) (-744 1024 0 ) (-744 1024 -888 ) (-720 1024 -888 ) 
4 77 85 (-480 1024 0 ) (-720 1024 0 ) (-720 1024 -888 ) (-480 1024 -888 ) 
4 77 81 (-480 1024 -32 ) (-480 1024 -888 ) (-160 1024 -888 ) (-160 1024 -32 ) 
4 77 79 (-160 1024 0 ) (-400 1024 0 ) (-400 1024 -32 ) (-160 1024 -32 ) 
4 77 80 (-400 1024 0 ) (-480 1024 0 ) (-480 1024 -32 ) (-400 1024 -32 ) 
4 78 186 (0 0 0 ) (0 0 16 ) (-480 0 16 ) (-480 0 0 ) 
4 78 172 (0 0 16 ) (0 0 160 ) (-480 0 160 ) (-480 0 16 ) 
4 78 171 (0 0 160 ) (0 0 3764 ) (-480 0 3764 ) (-480 0 160 ) 
4 78 88 (-480 80 160 ) (-480 168 160 ) (-480 168 16 ) (-480 80 16 ) 
4 78 86 (-480 168 160 ) (-480 1016 160 ) (-480 1016 152 ) (-480 168 152 ) 
4 78 83 (-480 1016 160 ) (-480 1024 160 ) (-480 1024 16 ) (-480 1016 16 ) 
4 78 82 (-480 0 160 ) (-480 0 3764 ) (-480 1024 3764 ) (-480 1024 160 ) 
4 78 79 (-400 1024 0 ) (-160 1024 0 ) (-160 784 0 ) (-400 784 0 ) 
4 78 80 (-480 0 0 ) (-480 1024 0 ) (-400 1024 0 ) (-400 0 0 ) 
4 79 81 (-400 784 -32 ) (-400 1024 -32 ) (-160 1024 -32 ) (-160 784 -32 ) 
4 79 80 (-400 1024 -32 ) (-400 784 -32 ) (-400 784 0 ) (-400 1024 0 ) 
4 80 195 (-400 0 0 ) (-480 0 0 ) (-480 0 -32 ) (-400 0 -32 ) 
4 80 90 (-480 0 -32 ) (-480 0 -8 ) (-480 80 -8 ) (-480 80 -32 ) 
4 80 89 (-480 80 0 ) (-480 168 0 ) (-480 168 -32 ) (-480 80 -32 ) 
4 80 87 (-480 1016 -16 ) (-480 1016 -32 ) (-480 168 -32 ) (-480 168 -16 ) 
4 80 85 (-480 1016 0 ) (-480 1024 0 ) (-480 1024 -32 ) (-480 1016 -32 ) 
4 80 81 (-400 0 -32 ) (-480 0 -32 ) (-480 1024 -32 ) (-400 1024 -32 ) 
4 81 199 (0 0 -888 ) (0 0 -32 ) (-480 0 -32 ) (-480 0 -888 ) 
4 81 90 (-480 0 -888 ) (-480 0 -32 ) (-480 80 -32 ) (-480 80 -888 ) 
4 81 89 (-480 80 -32 ) (-480 168 -32 ) (-480 168 -888 ) (-480 80 -888 ) 
4 81 87 (-480 168 -32 ) (-480 1016 -32 ) (-480 1016 -888 ) (-480 168 -888 ) 
4 81 85 (-480 1016 -32 ) (-480 1024 -32 ) (-480 1024 -888 ) (-480 1016 -888 ) 
4 82 171 (-480 0 160 ) (-480 0 3764 ) (-720 0 3764 ) (-720 0 160 ) 
4 82 96 (-720 1024 3764 ) (-720 1024 160 ) (-720 0 160 ) (-720 0 3764 ) 
4 82 91 (-720 0 160 ) (-720 1016 160 ) (-512 1016 160 ) (-512 0 160 ) 
4 82 88 (-480 168 160 ) (-480 80 160 ) (-512 80 160 ) (-512 168 160 ) 
4 82 86 (-512 1016 160 ) (-480 1016 160 ) (-480 168 160 ) (-512 168 160 ) 
4 82 83 (-640 1024 160 ) (-480 1024 160 ) (-480 1016 160 ) (-640 1016 160 ) 
4 82 84 (-720 1016 160 ) (-720 1024 160 ) (-640 1024 160 ) (-640 1016 160 ) 
4 83 91 (-512 1016 160 ) (-640 1016 160 ) (-640 1016 16 ) (-512 1016 16 ) 
4 83 86 (-480 1016 152 ) (-480 1016 160 ) (-512 1016 160 ) (-512 1016 152 ) 
4 83 84 (-640 1016 16 ) (-640 1016 160 ) (-640 1024 160 ) (-640 1024 16 ) 
4 84 97 (-720 1024 16 ) (-720 1024 0 ) (-720 1016 0 ) (-720 1016 16 ) 
4 84 96 (-720 1024 160 ) (-720 1024 16 ) (-720 1016 16 ) (-720 1016 160 ) 
4 84 92 (-720 1016 16 ) (-720 1016 0 ) (-640 1016 0 ) (-640 1016 16 ) 
4 84 91 (-640 1016 160 ) (-720 1016 160 ) (-720 1016 16 ) (-640 1016 16 ) 
4 84 85 (-640 1016 0 ) (-720 1016 0 ) (-720 1024 0 ) (-640 1024 0 ) 
4 85 99 (-720 1024 0 ) (-720 1024 -888 ) (-720 1016 -888 ) (-720 1016 0 ) 
4 85 95 (-512 1016 0 ) (-720 1016 0 ) (-720 1016 -888 ) (-512 1016 -888 ) 
4 85 87 (-480 1016 -888 ) (-480 1016 -16 ) (-512 1016 -16 ) (-512 1016 -888 ) 
4 86 91 (-512 1016 160 ) (-512 1016 152 ) (-512 168 152 ) (-512 168 160 ) 
4 86 88 (-512 168 160 ) (-512 168 152 ) (-480 168 152 ) (-480 168 160 ) 
4 87 95 (-512 1016 -16 ) (-512 1016 -888 ) (-512 168 -888 ) (-512 168 -16 ) 
4 87 89 (-512 168 -16 ) (-512 168 -888 ) (-480 168 -888 ) (-480 168 -16 ) 
4 88 91 (-512 80 16 ) (-512 80 160 ) (-512 168 160 ) (-512 168 16 ) 
4 89 95 (-512 80 -888 ) (-512 80 0 ) (-512 168 0 ) (-512 168 -888 ) 
4 89 90 (-512 80 -8 ) (-512 80 -888 ) (-480 80 -888 ) (-480 80 -8 ) 
4 90 199 (-480 0 -888 ) (-480 0 -32 ) (-512 0 -32 ) (-512 0 -888 ) 
4 90 196 (-480 0 -32 ) (-480 0 -8 ) (-512 0 -8 ) (-512 0 -32 ) 
4 90 95 (-512 0 -888 ) (-512 0 -8 ) (-512 80 -8 ) (-512 80 -888 ) 
4 91 173 (-512 0 16 ) (-512 0 160 ) (-720 0 160 ) (-720 0 16 ) 
4 91 96 (-720 0 16 ) (-720 0 160 ) (-720 1016 160 ) (-720 1016 16 ) 
4 91 94 (-536 36 16 ) (-512 36 16 ) (-512 0 16 ) (-536 0 16 ) 
4 91 92 (-720 184 16 ) (-720 1016 16 ) (-512 1016 16 ) (-512 184 16 ) 
4 91 93 (-720 36 16 ) (-720 64 16 ) (-512 64 16 ) (-512 36 16 ) 
4 92 97 (-720 184 16 ) (-720 1016 16 ) (-720 1016 0 ) (-720 184 0 ) 
4 92 95 (-720 184 0 ) (-720 1016 0 ) (-512 1016 0 ) (-512 184 0 ) 
4 93 98 (-720 36 16 ) (-720 64 16 ) (-720 64 0 ) (-720 36 0 ) 
4 93 95 (-720 36 0 ) (-720 64 0 ) (-512 64 0 ) (-512 36 0 ) 
4 93 94 (-536 36 0 ) (-512 36 0 ) (-512 36 16 ) (-536 36 16 ) 
4 94 188 (-512 0 0 ) (-512 0 16 ) (-536 0 16 ) (-536 0 0 ) 
4 94 95 (-536 36 0 ) (-512 36 0 ) (-512 0 0 ) (-536 0 0 ) 
4 95 199 (-512 0 -888 ) (-512 0 -32 ) (-720 0 -32 ) (-720 0 -888 ) 
4 95 198 (-512 0 -32 ) (-512 0 0 ) (-720 0 0 ) (-720 0 -32 ) 
4 95 99 (-720 0 -888 ) (-720 0 0 ) (-720 1016 0 ) (-720 1016 -888 ) 
4 96 179 (-744 0 136 ) (-744 0 16 ) (-732 0 16 ) (-732 0 136 ) 
4 96 178 (-732 0 3764 ) (-744 0 3764 ) (-744 0 136 ) (-732 0 136 ) 
4 96 173 (-720 0 16 ) (-720 0 160 ) (-732 0 160 ) (-732 0 16 ) 
4 96 171 (-720 0 160 ) (-720 0 3764 ) (-732 0 3764 ) (-732 0 160 ) 
4 96 101 (-744 1024 270 ) (-744 1024 144 ) (-744 0 144 ) (-744 0 270 ) 
4 96 102 (-744 1024 136 ) (-744 1024 16 ) (-744 0 16 ) (-744 0 136 ) 
4 96 100 (-744 1024 3764 ) (-744 1024 288 ) (-744 0 288 ) (-744 0 3764 ) 
4 96 98 (-744 12 16 ) (-744 88 16 ) (-720 88 16 ) (-720 12 16 ) 
4 96 97 (-744 160 16 ) (-744 1024 16 ) (-720 1024 16 ) (-720 160 16 ) 
4 97 99 (-744 160 0 ) (-744 1024 0 ) (-720 1024 0 ) (-720 160 0 ) 
4 98 99 (-744 12 0 ) (-744 88 0 ) (-720 88 0 ) (-720 12 0 ) 
4 99 199 (-720 0 -888 ) (-720 0 -32 ) (-744 0 -32 ) (-744 0 -888 ) 
4 99 198 (-720 0 -32 ) (-720 0 0 ) (-744 0 0 ) (-744 0 -32 ) 
4 99 106 (-744 1024 0 ) (-744 1024 -888 ) (-744 0 -888 ) (-744 0 0 ) 
4 100 182 (-744 0 288 ) (-744 0 3764 ) (-880 0 3764 ) (-880 0 288 ) 
4 100 103 (-880 0 288 ) (-880 0 3764 ) (-880 1024 3764 ) (-880 1024 288 ) 
4 101 183 (-744 0 144 ) (-744 0 270 ) (-880 0 270 ) (-880 0 144 ) 
4 101 103 (-880 0 144 ) (-880 0 270 ) (-880 1024 270 ) (-880 1024 144 ) 
4 102 184 (-744 0 16 ) (-744 0 136 ) (-880 0 136 ) (-880 0 16 ) 
4 102 103 (-880 1024 16 ) (-880 0 16 ) (-880 0 136 ) (-880 1024 136 ) 
4 103 185 (-880 0 3764 ) (-1024 0 3764 ) (-1024 0 16 ) (-880 0 16 ) 
4 103 127 (-1024 0 16 ) (-1024 0 24 ) (-1024 1024 24 ) (-1024 1024 16 ) 
4 103 119 (-1024 0 24 ) (-1024 0 40 ) (-1024 1024 40 ) (-1024 1024 24 ) 
4 103 114 (-1024 0 40 ) (-1024 0 128 ) (-1024 1024 128 ) (-1024 1024 40 ) 
4 103 109 (-1024 0 128 ) (-1024 0 3764 ) (-1024 1024 3764 ) (-1024 1024 128 ) 
4 103 104 (-1024 768 16 ) (-1024 1024 16 ) (-880 1024 16 ) (-880 768 16 ) 
4 103 105 (-880 0 16 ) (-1024 0 16 ) (-1024 392 16 ) (-880 392 16 ) 
4 104 131 (-1024 768 16 ) (-1024 1024 16 ) (-1024 1024 0 ) (-1024 768 0 ) 
4 104 106 (-1024 768 0 ) (-1024 1024 0 ) (-880 1024 0 ) (-880 768 0 ) 
4 105 192 (-880 0 16 ) (-1024 0 16 ) (-1024 0 0 ) (-880 0 0 ) 
4 105 132 (-1024 0 0 ) (-1024 0 16 ) (-1024 392 16 ) (-1024 392 0 ) 
4 105 106 (-1024 0 0 ) (-1024 392 0 ) (-880 392 0 ) (-880 0 0 ) 
4 106 199 (-744 0 -888 ) (-744 0 -32 ) (-1024 0 -32 ) (-1024 0 -888 ) 
4 106 198 (-744 0 -32 ) (-744 0 0 ) (-1024 0 0 ) (-1024 0 -32 ) 
4 106 134 (-1024 0 -888 ) (-1024 0 0 ) (-1024 1024 0 ) (-1024 1024 -888 ) 
4 107 134 (-1024 1024 -888 ) (-1024 1024 0 ) (-2048 1024 0 ) (-2048 1024 -888 ) 
4 107 131 (-1024 1024 0 ) (-1024 1024 16 ) (-1216 1024 16 ) (-1216 1024 0 ) 
4 107 133 (-1216 1024 16 ) (-2048 1024 16 ) (-2048 1024 0 ) (-1216 1024 0 ) 
4 107 128 (-1216 1024 24 ) (-1232 1024 24 ) (-1232 1024 16 ) (-1216 1024 16 ) 
4 107 127 (-1024 1024 16 ) (-1024 1024 24 ) (-1216 1024 24 ) (-1216 1024 16 ) 
4 107 130 (-1232 1024 24 ) (-2048 1024 24 ) (-2048 1024 16 ) (-1232 1024 16 ) 
4 107 123 (-1248 1024 40 ) (-1320 1024 40 ) (-1320 1024 24 ) (-1248 1024 24 ) 
4 107 126 (-1320 1024 40 ) (-2048 1024 40 ) (-2048 1024 24 ) (-1320 1024 24 ) 
4 107 120 (-1232 1024 40 ) (-1248 1024 40 ) (-1248 1024 24 ) (-1232 1024 24 ) 
4 107 119 (-1024 1024 24 ) (-1024 1024 40 ) (-1232 1024 40 ) (-1232 1024 24 ) 
4 107 115 (-1312 1024 128 ) (-1320 1024 128 ) (-1320 1024 40 ) (-1312 1024 40 ) 
4 107 114 (-1024 1024 40 ) (-1024 1024 128 ) (-1312 1024 128 ) (-1312 1024 40 ) 
4 107 118 (-1320 1024 128 ) (-2048 1024 128 ) (-2048 1024 40 ) (-1320 1024 40 ) 
4 107 110 (-1312 1024 3764 ) (-1320 1024 3764 ) (-1320 1024 128 ) (-1312 1024 128 ) 
4 107 109 (-1024 1024 128 ) (-1024 1024 3764 ) (-1312 1024 3764 ) (-1312 1024 128 ) 
4 107 113 (-1320 1024 3764 ) (-2048 1024 3764 ) (-2048 1024 128 ) (-1320 1024 128 ) 
4 107 108 (-2048 2048 3764 ) (-2048 2048 -888 ) (-2048 1024 -888 ) (-2048 1024 3764 ) 
4 108 140 (-3072 1024 -888 ) (-3072 1024 3764 ) (-3072 2048 3764 ) (-3072 2048 -888 ) 
4 108 135 (-2048 1024 -888 ) (-2048 1024 3764 ) (-3072 1024 3764 ) (-3072 1024 -888 ) 
4 109 200 (-1024 0 128 ) (-1024 0 3764 ) (-1312 0 3764 ) (-1312 0 128 ) 
4 109 114 (-1024 0 128 ) (-1312 0 128 ) (-1312 1024 128 ) (-1024 1024 128 ) 
4 109 111 (-1312 520 152 ) (-1312 520 3764 ) (-1312 664 3764 ) (-1312 664 152 ) 
4 109 110 (-1312 1024 128 ) (-1312 664 128 ) (-1312 664 3764 ) (-1312 1024 3764 ) 
4 109 112 (-1312 520 128 ) (-1312 0 128 ) (-1312 0 3764 ) (-1312 520 3764 ) 
4 110 115 (-1320 664 128 ) (-1320 1024 128 ) (-1312 1024 128 ) (-1312 664 128 ) 
4 110 111 (-1320 664 3764 ) (-1320 664 152 ) (-1312 664 152 ) (-1312 664 3764 ) 
4 110 113 (-1320 1024 128 ) (-1320 664 128 ) (-1320 664 3764 ) (-1320 1024 3764 ) 
4 111 113 (-1320 520 152 ) (-1320 520 3764 ) (-1320 664 3764 ) (-1320 664 152 ) 
4 111 112 (-1320 520 3764 ) (-1320 520 152 ) (-1312 520 152 ) (-1312 520 3764 ) 
4 112 200 (-1312 0 3764 ) (-1320 0 3764 ) (-1320 0 128 ) (-1312 0 128 ) 
4 112 117 (-1312 0 128 ) (-1320 0 128 ) (-1320 520 128 ) (-1312 520 128 ) 
4 112 113 (-1320 520 128 ) (-1320 0 128 ) (-1320 0 3764 ) (-1320 520 3764 ) 
4 113 200 (-1320 0 3764 ) (-2048 0 3764 ) (-2048 0 128 ) (-1320 0 128 ) 
4 113 135 (-2048 1024 3764 ) (-2048 1024 128 ) (-2048 0 128 ) (-2048 0 3764 ) 
4 113 118 (-1320 0 128 ) (-2048 0 128 ) (-2048 1024 128 ) (-1320 1024 128 ) 
4 114 200 (-1024 0 40 ) (-1024 0 128 ) (-1312 0 128 ) (-1312 0 40 ) 
4 114 123 (-1312 1024 40 ) (-1248 1024 40 ) (-1248 648 40 ) (-1312 648 40 ) 
4 114 125 (-1248 528 40 ) (-1248 0 40 ) (-1312 0 40 ) (-1312 528 40 ) 
4 114 121 (-1232 648 40 ) (-1232 528 40 ) (-1248 528 40 ) (-1248 648 40 ) 
4 114 120 (-1248 1024 40 ) (-1232 1024 40 ) (-1232 648 40 ) (-1248 648 40 ) 
4 114 122 (-1232 528 40 ) (-1232 0 40 ) (-1248 0 40 ) (-1248 528 40 ) 
4 114 119 (-1232 1024 40 ) (-1024 1024 40 ) (-1024 0 40 ) (-1232 0 40 ) 
4 114 116 (-1312 640 40 ) (-1312 544 40 ) (-1312 544 128 ) (-1312 640 128 ) 
4 114 117 (-1312 520 40 ) (-1312 0 40 ) (-1312 0 128 ) (-1312 520 128 ) 
4 114 115 (-1312 1024 40 ) (-1312 664 40 ) (-1312 664 128 ) (-1312 1024 128 ) 
4 115 123 (-1320 1024 40 ) (-1312 1024 40 ) (-1312 664 40 ) (-1320 664 40 ) 
4 115 118 (-1320 1024 40 ) (-1320 664 40 ) (-1320 664 128 ) (-1320 1024 128 ) 
4 116 118 (-1320 640 40 ) (-1320 544 40 ) (-1320 544 128 ) (-1320 640 128 ) 
4 117 200 (-1312 0 128 ) (-1320 0 128 ) (-1320 0 40 ) (-1312 0 40 ) 
4 117 125 (-1312 520 40 ) (-1312 0 40 ) (-1320 0 40 ) (-1320 520 40 ) 
4 117 118 (-1320 520 40 ) (-1320 0 40 ) (-1320 0 128 ) (-1320 520 128 ) 
4 118 200 (-1320 0 128 ) (-2048 0 128 ) (-2048 0 40 ) (-1320 0 40 ) 
4 118 135 (-2048 1024 128 ) (-2048 1024 40 ) (-2048 0 40 ) (-2048 0 128 ) 
4 118 126 (-2048 1024 40 ) (-1320 1024 40 ) (-1320 0 40 ) (-2048 0 40 ) 
4 119 200 (-1024 0 24 ) (-1024 0 40 ) (-1232 0 40 ) (-1232 0 24 ) 
4 119 128 (-1232 648 24 ) (-1232 1024 24 ) (-1216 1024 24 ) (-1216 648 24 ) 
4 119 129 (-1216 0 24 ) (-1232 0 24 ) (-1232 528 24 ) (-1216 528 24 ) 
4 119 127 (-1024 0 24 ) (-1216 0 24 ) (-1216 1024 24 ) (-1024 1024 24 ) 
4 119 121 (-1232 528 32 ) (-1232 528 40 ) (-1232 648 40 ) (-1232 648 32 ) 
4 119 120 (-1232 1024 24 ) (-1232 648 24 ) (-1232 648 40 ) (-1232 1024 40 ) 
4 119 122 (-1232 528 24 ) (-1232 0 24 ) (-1232 0 40 ) (-1232 528 40 ) 
4 120 130 (-1248 648 24 ) (-1248 1024 24 ) (-1232 1024 24 ) (-1232 648 24 ) 
4 120 123 (-1248 1024 24 ) (-1248 648 24 ) (-1248 648 40 ) (-1248 1024 40 ) 
4 120 121 (-1248 648 40 ) (-1248 648 32 ) (-1232 648 32 ) (-1232 648 40 ) 
4 121 122 (-1248 528 40 ) (-1248 528 32 ) (-1232 528 32 ) (-1232 528 40 ) 
4 122 200 (-1232 0 40 ) (-1248 0 40 ) (-1248 0 24 ) (-1232 0 24 ) 
4 122 130 (-1232 0 24 ) (-1248 0 24 ) (-1248 528 24 ) (-1232 528 24 ) 
4 122 125 (-1248 528 24 ) (-1248 0 24 ) (-1248 0 40 ) (-1248 528 40 ) 
4 123 130 (-1320 648 24 ) (-1320 1024 24 ) (-1248 1024 24 ) (-1248 648 24 ) 
4 123 124 (-1320 648 32 ) (-1320 648 24 ) (-1248 648 24 ) (-1248 648 32 ) 
4 123 126 (-1320 1024 24 ) (-1320 648 24 ) (-1320 648 40 ) (-1320 1024 40 ) 
4 124 130 (-1320 528 24 ) (-1320 648 24 ) (-1248 648 24 ) (-1248 528 24 ) 
4 124 126 (-1320 648 24 ) (-1320 528 24 ) (-1320 528 32 ) (-1320 648 32 ) 
4 124 125 (-1320 528 32 ) (-1320 528 24 ) (-1248 528 24 ) (-1248 528 32 ) 
4 125 200 (-1248 0 40 ) (-1320 0 40 ) (-1320 0 24 ) (-1248 0 24 ) 
4 125 130 (-1248 0 24 ) (-1320 0 24 ) (-1320 528 24 ) (-1248 528 24 ) 
4 125 126 (-1320 528 24 ) (-1320 0 24 ) (-1320 0 40 ) (-1320 528 40 ) 
4 126 200 (-1320 0 40 ) (-2048 0 40 ) (-2048 0 24 ) (-1320 0 24 ) 
4 126 135 (-2048 1024 40 ) (-2048 1024 24 ) (-2048 0 24 ) (-2048 0 40 ) 
4 126 130 (-1320 0 24 ) (-2048 0 24 ) (-2048 1024 24 ) (-1320 1024 24 ) 
4 127 200 (-1024 0 16 ) (-1024 0 24 ) (-1216 0 24 ) (-1216 0 16 ) 
4 127 131 (-1216 1024 16 ) (-1024 1024 16 ) (-1024 768 16 ) (-1216 768 16 ) 
4 127 132 (-1024 392 16 ) (-1024 0 16 ) (-1216 0 16 ) (-1216 392 16 ) 
4 127 128 (-1216 1024 16 ) (-1216 648 16 ) (-1216 648 24 ) (-1216 1024 24 ) 
4 127 129 (-1216 528 16 ) (-1216 0 16 ) (-1216 0 24 ) (-1216 528 24 ) 
4 128 133 (-1232 1024 16 ) (-1216 1024 16 ) (-1216 648 16 ) (-1232 648 16 ) 
4 128 130 (-1232 1024 16 ) (-1232 648 16 ) (-1232 648 24 ) (-1232 1024 24 ) 
4 129 200 (-1216 0 24 ) (-1232 0 24 ) (-1232 0 16 ) (-1216 0 16 ) 
4 129 133 (-1216 528 16 ) (-1216 0 16 ) (-1232 0 16 ) (-1232 528 16 ) 
4 129 130 (-1232 528 16 ) (-1232 0 16 ) (-1232 0 24 ) (-1232 528 24 ) 
4 130 200 (-1232 0 24 ) (-2048 0 24 ) (-2048 0 16 ) (-1232 0 16 ) 
4 130 135 (-2048 1024 24 ) (-2048 1024 16 ) (-2048 0 16 ) (-2048 0 24 ) 
4 130 133 (-2048 1024 16 ) (-1232 1024 16 ) (-1232 0 16 ) (-2048 0 16 ) 
4 131 134 (-1216 768 0 ) (-1216 1024 0 ) (-1024 1024 0 ) (-1024 768 0 ) 
4 131 133 (-1216 1024 0 ) (-1216 768 0 ) (-1216 768 16 ) (-1216 1024 16 ) 
4 132 200 (-1024 0 0 ) (-1024 0 16 ) (-1216 0 16 ) (-1216 0 0 ) 
4 132 134 (-1024 0 0 ) (-1216 0 0 ) (-1216 392 0 ) (-1024 392 0 ) 
4 132 133 (-1216 392 0 ) (-1216 0 0 ) (-1216 0 16 ) (-1216 392 16 ) 
4 133 200 (-1216 0 16 ) (-2048 0 16 ) (-2048 0 0 ) (-1216 0 0 ) 
4 133 135 (-2048 1024 16 ) (-2048 1024 0 ) (-2048 0 0 ) (-2048 0 16 ) 
4 133 134 (-1216 0 0 ) (-2048 0 0 ) (-2048 1024 0 ) (-1216 1024 0 ) 
4 134 200 (-1024 0 -888 ) (-1024 0 0 ) (-2048 0 0 ) (-2048 0 -888 ) 
4 134 135 (-2048 1024 0 ) (-2048 1024 -888 ) (-2048 0 -888 ) (-2048 0 0 ) 
4 135 201 (-2048 0 -888 ) (-2048 0 3764 ) (-3072 0 3764 ) (-3072 0 -888 ) 
4 135 141 (-3072 0 -888 ) (-3072 0 3764 ) (-3072 1024 3764 ) (-3072 1024 -888 ) 
4 136 138 (-4096 4096 3764 ) (-4096 4096 -888 ) (-4096 3072 -888 ) (-4096 3072 3764 ) 
4 136 137 (-3072 3072 -888 ) (-3072 3072 3764 ) (-4096 3072 3764 ) (-4096 3072 -888 ) 
4 137 140 (-3072 2048 -888 ) (-3072 2048 3764 ) (-4096 2048 3764 ) (-4096 2048 -888 ) 
4 137 139 (-4096 2048 -888 ) (-4096 2048 3764 ) (-4096 3072 3764 ) (-4096 3072 -888 ) 
4 138 139 (-4096 3072 -888 ) (-4096 3072 3764 ) (-4308 3072 3764 ) (-4308 3072 -888 ) 
4 139 142 (-4096 2048 -888 ) (-4096 2048 3764 ) (-4308 2048 3764 ) (-4308 2048 -888 ) 
4 140 142 (-4096 2048 3764 ) (-4096 2048 -888 ) (-4096 1024 -888 ) (-4096 1024 3764 ) 
4 140 141 (-3072 1024 -888 ) (-3072 1024 3764 ) (-4096 1024 3764 ) (-4096 1024 -888 ) 
4 141 292 (-3072 0 -888 ) (-3072 0 3764 ) (-4096 0 3764 ) (-4096 0 -888 ) 
4 141 143 (-4096 0 -888 ) (-4096 0 3764 ) (-4096 1024 3764 ) (-4096 1024 -888 ) 
4 142 143 (-4096 1024 -888 ) (-4096 1024 3764 ) (-4308 1024 3764 ) (-4308 1024 -888 ) 
4 143 293 (-4096 0 -888 ) (-4096 0 3764 ) (-4308 0 3764 ) (-4308 0 -888 ) 
4 144 147 (3072 0 3764 ) (3072 0 -888 ) (3072 -1024 -888 ) (3072 -1024 3764 ) 
4 144 145 (3336 -1024 3764 ) (3072 -1024 3764 ) (3072 -1024 -888 ) (3336 -1024 -888 ) 
4 145 153 (3072 -2048 -888 ) (3072 -2048 3764 ) (3072 -1024 3764 ) (3072 -1024 -888 ) 
4 145 146 (3072 -2048 3764 ) (3072 -2048 -888 ) (3336 -2048 -888 ) (3336 -2048 3764 ) 
4 146 159 (3336 -3072 3764 ) (3072 -3072 3764 ) (3072 -3072 -888 ) (3336 -3072 -888 ) 
4 146 154 (3072 -3072 -888 ) (3072 -3072 3764 ) (3072 -2048 3764 ) (3072 -2048 -888 ) 
4 147 153 (3072 -1024 -888 ) (3072 -1024 3764 ) (2048 -1024 3764 ) (2048 -1024 -888 ) 
4 147 148 (2048 0 3764 ) (2048 0 -888 ) (2048 -1024 -888 ) (2048 -1024 3764 ) 
4 148 155 (2048 -1024 -888 ) (2048 -1024 3764 ) (1024 -1024 3764 ) (1024 -1024 -888 ) 
4 148 152 (1024 -1024 -888 ) (1024 -1024 -32 ) (1024 0 -32 ) (1024 0 -888 ) 
4 148 149 (1024 -1024 -32 ) (1024 -1024 3764 ) (1024 0 3764 ) (1024 0 -32 ) 
4 149 156 (1024 -1024 -32 ) (1024 -1024 3764 ) (64 -1024 3764 ) (64 -1024 -32 ) 
4 149 152 (1024 -1024 -32 ) (64 -1024 -32 ) (64 0 -32 ) (1024 0 -32 ) 
4 149 150 (64 -408 0 ) (64 -408 3764 ) (64 0 3764 ) (64 0 0 ) 
4 149 151 (64 -408 -32 ) (64 -1024 -32 ) (64 -1024 3764 ) (64 -408 3764 ) 
4 150 190 (0 -240 0 ) (0 -408 0 ) (0 -408 16 ) (0 -240 16 ) 
4 150 186 (0 0 16 ) (0 0 0 ) (0 -240 0 ) (0 -240 16 ) 
4 150 174 (0 -48 16 ) (0 -408 16 ) (0 -408 160 ) (0 -48 160 ) 
4 150 172 (0 0 160 ) (0 0 16 ) (0 -48 16 ) (0 -48 160 ) 
4 150 171 (0 0 3764 ) (0 0 160 ) (0 -408 160 ) (0 -408 3764 ) 
4 150 151 (64 -408 0 ) (64 -408 3764 ) (0 -408 3764 ) (0 -408 0 ) 
4 151 193 (0 -408 -32 ) (0 -1024 -32 ) (0 -1024 0 ) (0 -408 0 ) 
4 151 190 (0 -1024 0 ) (0 -1024 16 ) (0 -408 16 ) (0 -408 0 ) 
4 151 174 (0 -1024 16 ) (0 -1024 160 ) (0 -408 160 ) (0 -408 16 ) 
4 151 171 (0 -1024 160 ) (0 -1024 3764 ) (0 -408 3764 ) (0 -408 160 ) 
4 151 156 (64 -1024 3764 ) (0 -1024 3764 ) (0 -1024 -32 ) (64 -1024 -32 ) 
4 151 152 (64 -1024 -32 ) (0 -1024 -32 ) (0 -408 -32 ) (64 -408 -32 ) 
4 152 199 (0 0 -32 ) (0 0 -888 ) (0 -1024 -888 ) (0 -1024 -32 ) 
4 152 156 (1024 -1024 -888 ) (1024 -1024 -32 ) (0 -1024 -32 ) (0 -1024 -888 ) 
4 153 155 (2048 -1024 3764 ) (2048 -1024 -888 ) (2048 -2048 -888 ) (2048 -2048 3764 ) 
4 153 154 (3072 -2048 -888 ) (3072 -2048 3764 ) (2048 -2048 3764 ) (2048 -2048 -888 ) 
4 154 162 (3072 -3072 -888 ) (3072 -3072 3764 ) (2048 -3072 3764 ) (2048 -3072 -888 ) 
4 154 157 (2048 -3072 -888 ) (2048 -3072 3764 ) (2048 -2048 3764 ) (2048 -2048 -888 ) 
4 155 157 (2048 -2048 -888 ) (2048 -2048 3764 ) (1024 -2048 3764 ) (1024 -2048 -888 ) 
4 155 156 (1024 -1024 3764 ) (1024 -1024 -888 ) (1024 -2048 -888 ) (1024 -2048 3764 ) 
4 156 219 (0 -2048 -888 ) (0 -2048 0 ) (0 -1024 0 ) (0 -1024 -888 ) 
4 156 218 (0 -2048 0 ) (0 -2048 16 ) (0 -1888 16 ) (0 -1888 0 ) 
4 156 216 (0 -1888 16 ) (0 -1024 16 ) (0 -1024 0 ) (0 -1888 0 ) 
4 156 213 (0 -2048 16 ) (0 -2048 3764 ) (0 -1792 3764 ) (0 -1792 16 ) 
4 156 206 (0 -1024 208 ) (0 -1024 16 ) (0 -1792 16 ) (0 -1792 208 ) 
4 156 202 (0 -1792 3764 ) (0 -1024 3764 ) (0 -1024 208 ) (0 -1792 208 ) 
4 156 158 (1024 -2048 -888 ) (1024 -2048 3764 ) (0 -2048 3764 ) (0 -2048 -888 ) 
4 157 164 (2048 -3072 -888 ) (2048 -3072 3764 ) (1024 -3072 3764 ) (1024 -3072 -888 ) 
4 157 158 (1024 -2048 3764 ) (1024 -2048 -888 ) (1024 -3072 -888 ) (1024 -3072 3764 ) 
4 158 254 (0 -3072 -888 ) (0 -3072 0 ) (0 -2048 0 ) (0 -2048 -888 ) 
4 158 252 (0 -3072 0 ) (0 -3072 16 ) (0 -2048 16 ) (0 -2048 0 ) 
4 158 248 (0 -3072 16 ) (0 -3072 104 ) (0 -2048 104 ) (0 -2048 16 ) 
4 158 244 (0 -3072 104 ) (0 -3072 3764 ) (0 -2048 3764 ) (0 -2048 104 ) 
4 158 165 (1024 -3072 -888 ) (1024 -3072 3764 ) (0 -3072 3764 ) (0 -3072 -888 ) 
4 159 162 (3072 -3072 3764 ) (3072 -3072 -888 ) (3072 -4096 -888 ) (3072 -4096 3764 ) 
4 159 160 (3072 -4096 3764 ) (3072 -4096 -888 ) (3336 -4096 -888 ) (3336 -4096 3764 ) 
4 160 163 (3072 -5120 -888 ) (3072 -5120 3764 ) (3072 -4096 3764 ) (3072 -4096 -888 ) 
4 160 161 (3336 -5120 3764 ) (3072 -5120 3764 ) (3072 -5120 -888 ) (3336 -5120 -888 ) 
4 161 168 (3072 -5800 3764 ) (3072 -5120 3764 ) (3072 -5120 -888 ) (3072 -5800 -888 ) 
4 162 164 (2048 -3072 3764 ) (2048 -3072 -888 ) (2048 -4096 -888 ) (2048 -4096 3764 ) 
4 162 163 (3072 -4096 -888 ) (3072 -4096 3764 ) (2048 -4096 3764 ) (2048 -4096 -888 ) 
4 163 168 (3072 -5120 -888 ) (3072 -5120 3764 ) (2048 -5120 3764 ) (2048 -5120 -888 ) 
4 163 166 (2048 -5120 -888 ) (2048 -5120 3764 ) (2048 -4096 3764 ) (2048 -4096 -888 ) 
4 164 166 (2048 -4096 -888 ) (2048 -4096 3764 ) (1024 -4096 3764 ) (1024 -4096 -888 ) 
4 164 165 (1024 -3072 3764 ) (1024 -3072 -888 ) (1024 -4096 -888 ) (1024 -4096 3764 ) 
4 165 304 (0 -4096 -888 ) (0 -4096 3764 ) (0 -3072 3764 ) (0 -3072 -888 ) 
4 165 167 (1024 -4096 -888 ) (1024 -4096 3764 ) (0 -4096 3764 ) (0 -4096 -888 ) 
4 166 169 (2048 -5120 -888 ) (2048 -5120 3764 ) (1024 -5120 3764 ) (1024 -5120 -888 ) 
4 166 167 (1024 -4096 3764 ) (1024 -4096 -888 ) (1024 -5120 -888 ) (1024 -5120 3764 ) 
4 167 305 (0 -5120 -888 ) (0 -5120 3764 ) (0 -4096 3764 ) (0 -4096 -888 ) 
4 167 170 (1024 -5120 -888 ) (1024 -5120 3764 ) (0 -5120 3764 ) (0 -5120 -888 ) 
4 168 169 (2048 -5120 3764 ) (2048 -5120 -888 ) (2048 -5800 -888 ) (2048 -5800 3764 ) 
4 169 170 (1024 -5120 3764 ) (1024 -5120 -888 ) (1024 -5800 -888 ) (1024 -5800 3764 ) 
4 170 310 (0 -5800 3764 ) (0 -5120 3764 ) (0 -5120 -888 ) (0 -5800 -888 ) 
4 171 207 (-472 -1024 208 ) (-584 -1024 208 ) (-584 -1024 160 ) (-472 -1024 160 ) 
4 171 206 (0 -1024 160 ) (0 -1024 208 ) (-472 -1024 208 ) (-472 -1024 160 ) 
4 171 210 (-584 -1024 208 ) (-732 -1024 208 ) (-732 -1024 160 ) (-584 -1024 160 ) 
4 171 203 (-472 -1024 3764 ) (-584 -1024 3764 ) (-584 -1024 208 ) (-472 -1024 208 ) 
4 171 202 (0 -1024 208 ) (0 -1024 3764 ) (-472 -1024 3764 ) (-472 -1024 208 ) 
4 171 205 (-584 -1024 3764 ) (-732 -1024 3764 ) (-732 -1024 208 ) (-584 -1024 208 ) 
4 171 178 (-732 -1024 160 ) (-732 -1024 3764 ) (-732 0 3764 ) (-732 0 160 ) 
4 171 176 (-464 -80 160 ) (-464 -1024 160 ) (-512 -1024 160 ) (-512 -80 160 ) 
4 171 177 (-732 -1024 160 ) (-732 -48 160 ) (-512 -48 160 ) (-512 -1024 160 ) 
4 171 175 (-424 -464 160 ) (-424 -1024 160 ) (-464 -1024 160 ) (-464 -464 160 ) 
4 171 174 (-424 -48 160 ) (0 -48 160 ) (0 -1024 160 ) (-424 -1024 160 ) 
4 171 172 (-480 0 160 ) (0 0 160 ) (0 -48 160 ) (-480 -48 160 ) 
4 171 173 (-732 -48 160 ) (-732 0 160 ) (-512 0 160 ) (-512 -48 160 ) 
4 172 186 (-480 0 16 ) (0 0 16 ) (0 -48 16 ) (-480 -48 16 ) 
4 172 174 (0 -48 160 ) (-424 -48 160 ) (-424 -48 16 ) (0 -48 16 ) 
4 173 188 (-536 0 16 ) (-512 0 16 ) (-512 -48 16 ) (-536 -48 16 ) 
4 173 179 (-732 0 16 ) (-732 -48 16 ) (-732 -48 136 ) (-732 0 136 ) 
4 173 178 (-732 -48 136 ) (-732 -48 160 ) (-732 0 160 ) (-732 0 136 ) 
4 173 177 (-512 -48 160 ) (-732 -48 160 ) (-732 -48 16 ) (-512 -48 16 ) 
4 174 206 (0 -1024 16 ) (0 -1024 160 ) (-424 -1024 160 ) (-424 -1024 16 ) 
4 174 190 (0 -1024 16 ) (-424 -1024 16 ) (-424 -240 16 ) (0 -240 16 ) 
4 174 186 (-424 -240 16 ) (-424 -48 16 ) (0 -48 16 ) (0 -240 16 ) 
4 174 175 (-424 -464 16 ) (-424 -1024 16 ) (-424 -1024 160 ) (-424 -464 160 ) 
4 175 206 (-424 -1024 160 ) (-464 -1024 160 ) (-464 -1024 16 ) (-424 -1024 16 ) 
4 175 190 (-424 -1024 16 ) (-464 -1024 16 ) (-464 -464 16 ) (-424 -464 16 ) 
4 175 176 (-464 -464 16 ) (-464 -1024 16 ) (-464 -1024 160 ) (-464 -464 160 ) 
4 176 207 (-472 -1024 160 ) (-512 -1024 160 ) (-512 -1024 16 ) (-472 -1024 16 ) 
4 176 206 (-464 -1024 160 ) (-472 -1024 160 ) (-472 -1024 16 ) (-464 -1024 16 ) 
4 176 187 (-512 -240 16 ) (-512 -80 16 ) (-480 -80 16 ) (-480 -240 16 ) 
4 176 186 (-480 -80 16 ) (-464 -80 16 ) (-464 -240 16 ) (-480 -240 16 ) 
4 176 177 (-512 -80 16 ) (-512 -1024 16 ) (-512 -1024 160 ) (-512 -80 160 ) 
4 177 207 (-512 -1024 160 ) (-584 -1024 160 ) (-584 -1024 16 ) (-512 -1024 16 ) 
4 177 210 (-584 -1024 160 ) (-732 -1024 160 ) (-732 -1024 16 ) (-584 -1024 16 ) 
4 177 191 (-732 -240 16 ) (-732 -60 16 ) (-720 -60 16 ) (-720 -240 16 ) 
4 177 189 (-720 -240 16 ) (-720 -84 16 ) (-536 -84 16 ) (-536 -240 16 ) 
4 177 188 (-536 -48 16 ) (-512 -48 16 ) (-512 -240 16 ) (-536 -240 16 ) 
4 177 180 (-732 -600 16 ) (-732 -648 16 ) (-732 -648 136 ) (-732 -600 136 ) 
4 177 181 (-732 -816 16 ) (-732 -864 16 ) (-732 -864 136 ) (-732 -816 136 ) 
4 177 179 (-732 -48 16 ) (-732 -432 16 ) (-732 -432 136 ) (-732 -48 136 ) 
4 177 178 (-732 -1024 136 ) (-732 -1024 160 ) (-732 -48 160 ) (-732 -48 136 ) 
4 178 211 (-744 -1024 208 ) (-744 -1024 136 ) (-732 -1024 136 ) (-732 -1024 208 ) 
4 178 205 (-744 -1024 3764 ) (-744 -1024 208 ) (-732 -1024 208 ) (-732 -1024 3764 ) 
4 178 183 (-744 0 270 ) (-744 0 144 ) (-744 -1024 144 ) (-744 -1024 270 ) 
4 178 182 (-744 0 3764 ) (-744 0 288 ) (-744 -1024 288 ) (-744 -1024 3764 ) 
4 178 180 (-744 -648 136 ) (-744 -600 136 ) (-732 -600 136 ) (-732 -648 136 ) 
4 178 181 (-744 -864 136 ) (-744 -816 136 ) (-732 -816 136 ) (-732 -864 136 ) 
4 178 179 (-744 -432 136 ) (-744 0 136 ) (-732 0 136 ) (-732 -432 136 ) 
4 179 191 (-744 -240 16 ) (-744 -60 16 ) (-732 -60 16 ) (-732 -240 16 ) 
4 179 184 (-744 0 136 ) (-744 0 16 ) (-744 -432 16 ) (-744 -432 136 ) 
4 180 184 (-744 -600 16 ) (-744 -648 16 ) (-744 -648 136 ) (-744 -600 136 ) 
4 181 184 (-744 -816 16 ) (-744 -864 16 ) (-744 -864 136 ) (-744 -816 136 ) 
4 182 220 (-744 -1024 288 ) (-744 -1024 3764 ) (-880 -1024 3764 ) (-880 -1024 288 ) 
4 182 185 (-880 -1024 288 ) (-880 -1024 3764 ) (-880 0 3764 ) (-880 0 288 ) 
4 183 223 (-744 -1024 144 ) (-744 -1024 270 ) (-880 -1024 270 ) (-880 -1024 144 ) 
4 183 185 (-880 -1024 144 ) (-880 -1024 270 ) (-880 0 270 ) (-880 0 144 ) 
4 184 235 (-880 -1024 16 ) (-744 -1024 16 ) (-744 -1024 136 ) (-880 -1024 136 ) 
4 184 185 (-880 0 16 ) (-880 -1024 16 ) (-880 -1024 136 ) (-880 0 136 ) 
4 185 237 (-1024 -1024 144 ) (-1024 -1024 16 ) (-932 -1024 16 ) (-932 -1024 144 ) 
4 185 236 (-932 -1024 16 ) (-880 -1024 16 ) (-880 -1024 144 ) (-932 -1024 144 ) 
4 185 227 (-1024 -1024 3764 ) (-1024 -1024 144 ) (-932 -1024 144 ) (-932 -1024 3764 ) 
4 185 224 (-932 -1024 144 ) (-920 -1024 144 ) (-920 -1024 270 ) (-932 -1024 270 ) 
4 185 223 (-920 -1024 144 ) (-880 -1024 144 ) (-880 -1024 270 ) (-920 -1024 270 ) 
4 185 222 (-880 -1024 270 ) (-880 -1024 3764 ) (-932 -1024 3764 ) (-932 -1024 270 ) 
4 185 200 (-1024 0 3764 ) (-1024 0 16 ) (-1024 -1024 16 ) (-1024 -1024 3764 ) 
4 185 192 (-880 -1024 16 ) (-1024 -1024 16 ) (-1024 0 16 ) (-880 0 16 ) 
4 186 195 (-480 0 0 ) (-400 0 0 ) (-400 -240 0 ) (-480 -240 0 ) 
4 186 190 (-464 -240 0 ) (0 -240 0 ) (0 -240 16 ) (-464 -240 16 ) 
4 186 187 (-480 -48 0 ) (-480 -240 0 ) (-480 -240 16 ) (-480 -48 16 ) 
4 187 197 (-480 -48 0 ) (-480 -240 0 ) (-512 -240 0 ) (-512 -48 0 ) 
4 187 188 (-512 -48 0 ) (-512 -240 0 ) (-512 -240 16 ) (-512 -48 16 ) 
4 188 198 (-536 0 0 ) (-512 0 0 ) (-512 -240 0 ) (-536 -240 0 ) 
4 188 189 (-536 -84 0 ) (-536 -240 0 ) (-536 -240 16 ) (-536 -84 16 ) 
4 189 198 (-536 -84 0 ) (-536 -240 0 ) (-720 -240 0 ) (-720 -84 0 ) 
4 189 191 (-720 -84 0 ) (-720 -240 0 ) (-720 -240 16 ) (-720 -84 16 ) 
4 190 216 (0 -1024 0 ) (0 -1024 16 ) (-464 -1024 16 ) (-464 -1024 0 ) 
4 190 194 (-160 -1024 0 ) (-400 -1024 0 ) (-400 -360 0 ) (-160 -360 0 ) 
4 190 195 (-400 -1024 0 ) (-464 -1024 0 ) (-464 -240 0 ) (-400 -240 0 ) 
4 190 193 (0 -408 0 ) (0 -1024 0 ) (-160 -1024 0 ) (-160 -408 0 ) 
4 191 198 (-720 -60 0 ) (-720 -240 0 ) (-744 -240 0 ) (-744 -60 0 ) 
4 192 241 (-880 -1024 16 ) (-1024 -1024 16 ) (-1024 -1024 0 ) (-880 -1024 0 ) 
4 192 200 (-1024 0 16 ) (-1024 0 0 ) (-1024 -1024 0 ) (-1024 -1024 16 ) 
4 192 198 (-1024 -1024 0 ) (-1024 0 0 ) (-880 0 0 ) (-880 -1024 0 ) 
4 193 219 (0 -1024 -32 ) (0 -1024 0 ) (-160 -1024 0 ) (-160 -1024 -32 ) 
4 193 199 (0 -1024 -32 ) (-160 -1024 -32 ) (-160 -408 -32 ) (0 -408 -32 ) 
4 193 194 (-160 -408 -32 ) (-160 -1024 -32 ) (-160 -1024 0 ) (-160 -408 0 ) 
4 194 219 (-160 -1024 0 ) (-400 -1024 0 ) (-400 -1024 -32 ) (-160 -1024 -32 ) 
4 194 199 (-160 -1024 -32 ) (-400 -1024 -32 ) (-400 -360 -32 ) (-160 -360 -32 ) 
4 194 195 (-400 -360 -32 ) (-400 -1024 -32 ) (-400 -1024 0 ) (-400 -360 0 ) 
4 195 219 (-400 -1024 0 ) (-480 -1024 0 ) (-480 -1024 -32 ) (-400 -1024 -32 ) 
4 195 199 (-400 -1024 -32 ) (-480 -1024 -32 ) (-480 0 -32 ) (-400 0 -32 ) 
4 195 196 (-480 0 -32 ) (-480 -48 -32 ) (-480 -48 -8 ) (-480 0 -8 ) 
4 195 197 (-480 -48 -32 ) (-480 -1024 -32 ) (-480 -1024 0 ) (-480 -48 0 ) 
4 196 199 (-512 -48 -32 ) (-512 0 -32 ) (-480 0 -32 ) (-480 -48 -32 ) 
4 196 197 (-512 -48 -8 ) (-512 -48 -32 ) (-480 -48 -32 ) (-480 -48 -8 ) 
4 196 198 (-512 0 -32 ) (-512 -48 -32 ) (-512 -48 -8 ) (-512 0 -8 ) 
4 197 219 (-480 -1024 0 ) (-512 -1024 0 ) (-512 -1024 -32 ) (-480 -1024 -32 ) 
4 197 199 (-480 -1024 -32 ) (-512 -1024 -32 ) (-512 -48 -32 ) (-480 -48 -32 ) 
4 197 198 (-512 -48 -32 ) (-512 -1024 -32 ) (-512 -1024 0 ) (-512 -48 0 ) 
4 198 243 (-744 -1024 0 ) (-1024 -1024 0 ) (-1024 -1024 -32 ) (-744 -1024 -32 ) 
4 198 219 (-512 -1024 0 ) (-744 -1024 0 ) (-744 -1024 -32 ) (-512 -1024 -32 ) 
4 198 200 (-1024 0 0 ) (-1024 0 -32 ) (-1024 -1024 -32 ) (-1024 -1024 0 ) 
4 198 199 (-512 -1024 -32 ) (-1024 -1024 -32 ) (-1024 0 -32 ) (-512 0 -32 ) 
4 199 243 (-744 -1024 -32 ) (-1024 -1024 -32 ) (-1024 -1024 -888 ) (-744 -1024 -888 ) 
4 199 219 (0 -1024 -888 ) (0 -1024 -32 ) (-744 -1024 -32 ) (-744 -1024 -888 ) 
4 199 200 (-1024 0 -32 ) (-1024 0 -888 ) (-1024 -1024 -888 ) (-1024 -1024 -32 ) 
4 200 279 (-1024 -1024 -888 ) (-1024 -1024 132 ) (-2048 -1024 132 ) (-2048 -1024 -888 ) 
4 200 275 (-1024 -1024 132 ) (-1024 -1024 144 ) (-1340 -1024 144 ) (-1340 -1024 132 ) 
4 200 276 (-1340 -1024 144 ) (-2048 -1024 144 ) (-2048 -1024 132 ) (-1340 -1024 132 ) 
4 200 271 (-1312 -1024 260 ) (-1340 -1024 260 ) (-1340 -1024 144 ) (-1312 -1024 144 ) 
4 200 274 (-1340 -1024 260 ) (-2048 -1024 260 ) (-2048 -1024 144 ) (-1340 -1024 144 ) 
4 200 269 (-1024 -1024 144 ) (-1024 -1024 260 ) (-1312 -1024 260 ) (-1312 -1024 144 ) 
4 200 268 (-1024 -1024 260 ) (-1024 -1024 3764 ) (-2048 -1024 3764 ) (-2048 -1024 260 ) 
4 200 201 (-2048 -1024 -888 ) (-2048 -1024 3764 ) (-2048 0 3764 ) (-2048 0 -888 ) 
4 201 292 (-3072 0 3764 ) (-3072 0 -888 ) (-3072 -1024 -888 ) (-3072 -1024 3764 ) 
4 201 282 (-2048 -1024 -888 ) (-2048 -1024 3764 ) (-3072 -1024 3764 ) (-3072 -1024 -888 ) 
4 202 213 (-472 -1792 208 ) (0 -1792 208 ) (0 -1792 3764 ) (-472 -1792 3764 ) 
4 202 206 (0 -1792 208 ) (-472 -1792 208 ) (-472 -1024 208 ) (0 -1024 208 ) 
4 202 204 (-472 -1792 216 ) (-472 -1792 3764 ) (-472 -1552 3764 ) (-472 -1552 216 ) 
4 202 203 (-472 -1024 208 ) (-472 -1552 208 ) (-472 -1552 3764 ) (-472 -1024 3764 ) 
4 203 207 (-584 -1552 208 ) (-584 -1024 208 ) (-472 -1024 208 ) (-472 -1552 208 ) 
4 203 204 (-584 -1552 3764 ) (-584 -1552 216 ) (-472 -1552 216 ) (-472 -1552 3764 ) 
4 203 205 (-584 -1024 208 ) (-584 -1552 208 ) (-584 -1552 3764 ) (-584 -1024 3764 ) 
4 204 213 (-472 -1792 216 ) (-472 -1792 3764 ) (-584 -1792 3764 ) (-584 -1792 216 ) 
4 204 205 (-584 -1792 216 ) (-584 -1792 3764 ) (-584 -1552 3764 ) (-584 -1552 216 ) 
4 205 223 (-744 -1024 270 ) (-744 -1024 208 ) (-744 -1792 208 ) (-744 -1792 270 ) 
4 205 220 (-744 -1024 3764 ) (-744 -1024 288 ) (-744 -1792 288 ) (-744 -1792 3764 ) 
4 205 214 (-744 -1792 3764 ) (-744 -1792 272 ) (-616 -1792 272 ) (-616 -1792 3764 ) 
4 205 213 (-616 -1792 208 ) (-584 -1792 208 ) (-584 -1792 3764 ) (-616 -1792 3764 ) 
4 205 211 (-744 -1032 208 ) (-744 -1024 208 ) (-732 -1024 208 ) (-732 -1032 208 ) 
4 205 212 (-732 -1792 208 ) (-744 -1792 208 ) (-744 -1032 208 ) (-732 -1032 208 ) 
4 205 210 (-584 -1792 208 ) (-732 -1792 208 ) (-732 -1024 208 ) (-584 -1024 208 ) 
4 206 217 (-464 -1140 16 ) (-464 -1792 16 ) (-472 -1792 16 ) (-472 -1140 16 ) 
4 206 216 (-464 -1024 16 ) (0 -1024 16 ) (0 -1792 16 ) (-464 -1792 16 ) 
4 206 213 (-472 -1792 16 ) (0 -1792 16 ) (0 -1792 208 ) (-472 -1792 208 ) 
4 206 208 (-472 -1792 72 ) (-472 -1792 208 ) (-472 -1576 208 ) (-472 -1576 72 ) 
4 206 209 (-472 -1576 16 ) (-472 -1792 16 ) (-472 -1792 60 ) (-472 -1576 60 ) 
4 206 207 (-472 -1024 16 ) (-472 -1576 16 ) (-472 -1576 208 ) (-472 -1024 208 ) 
4 207 217 (-472 -1140 16 ) (-472 -1576 16 ) (-584 -1576 16 ) (-584 -1140 16 ) 
4 207 208 (-584 -1576 208 ) (-584 -1576 72 ) (-472 -1576 72 ) (-472 -1576 208 ) 
4 207 209 (-584 -1576 60 ) (-584 -1576 16 ) (-472 -1576 16 ) (-472 -1576 60 ) 
4 207 210 (-584 -1024 16 ) (-584 -1576 16 ) (-584 -1576 208 ) (-584 -1024 208 ) 
4 208 213 (-472 -1792 72 ) (-472 -1792 208 ) (-584 -1792 208 ) (-584 -1792 72 ) 
4 208 210 (-584 -1792 72 ) (-584 -1792 208 ) (-584 -1576 208 ) (-584 -1576 72 ) 
4 209 217 (-472 -1576 16 ) (-472 -1792 16 ) (-584 -1792 16 ) (-584 -1576 16 ) 
4 209 213 (-584 -1792 16 ) (-472 -1792 16 ) (-472 -1792 60 ) (-584 -1792 60 ) 
4 209 210 (-584 -1576 16 ) (-584 -1792 16 ) (-584 -1792 60 ) (-584 -1576 60 ) 
4 210 217 (-584 -1140 16 ) (-584 -1792 16 ) (-732 -1792 16 ) (-732 -1140 16 ) 
4 210 213 (-616 -1792 16 ) (-584 -1792 16 ) (-584 -1792 208 ) (-616 -1792 208 ) 
4 210 211 (-732 -1032 136 ) (-732 -1032 208 ) (-732 -1024 208 ) (-732 -1024 136 ) 
4 210 212 (-732 -1032 16 ) (-732 -1792 16 ) (-732 -1792 208 ) (-732 -1032 208 ) 
4 211 223 (-744 -1024 208 ) (-744 -1024 144 ) (-744 -1032 144 ) (-744 -1032 208 ) 
4 211 212 (-732 -1032 136 ) (-732 -1032 208 ) (-744 -1032 208 ) (-744 -1032 136 ) 
4 212 235 (-744 -1032 16 ) (-744 -1792 16 ) (-744 -1792 136 ) (-744 -1032 136 ) 
4 212 223 (-744 -1792 144 ) (-744 -1792 208 ) (-744 -1032 208 ) (-744 -1032 144 ) 
4 212 217 (-744 -1792 16 ) (-744 -1140 16 ) (-732 -1140 16 ) (-732 -1792 16 ) 
4 213 248 (0 -2048 16 ) (0 -2048 104 ) (-616 -2048 104 ) (-616 -2048 16 ) 
4 213 244 (0 -2048 104 ) (0 -2048 3764 ) (-616 -2048 3764 ) (-616 -2048 104 ) 
4 213 218 (0 -2048 16 ) (-536 -2048 16 ) (-536 -1888 16 ) (0 -1888 16 ) 
4 213 217 (-616 -1888 16 ) (-616 -1792 16 ) (-464 -1792 16 ) (-464 -1888 16 ) 
4 213 216 (-464 -1792 16 ) (0 -1792 16 ) (0 -1888 16 ) (-464 -1888 16 ) 
4 213 214 (-616 -1888 3764 ) (-616 -1792 3764 ) (-616 -1792 272 ) (-616 -1888 272 ) 
4 213 215 (-616 -2048 3764 ) (-616 -1888 3764 ) (-616 -1888 16 ) (-616 -2048 16 ) 
4 214 220 (-744 -1862 3764 ) (-744 -1792 3764 ) (-744 -1792 288 ) (-744 -1862 288 ) 
4 214 221 (-744 -1888 272 ) (-744 -1888 3764 ) (-744 -1862 3764 ) (-744 -1862 272 ) 
4 214 215 (-616 -1888 272 ) (-616 -1888 3764 ) (-744 -1888 3764 ) (-744 -1888 272 ) 
4 215 249 (-744 -2048 104 ) (-744 -2048 16 ) (-736 -2048 16 ) (-736 -2048 104 ) 
4 215 248 (-736 -2048 16 ) (-616 -2048 16 ) (-616 -2048 104 ) (-736 -2048 104 ) 
4 215 245 (-736 -2048 3764 ) (-744 -2048 3764 ) (-744 -2048 104 ) (-736 -2048 104 ) 
4 215 244 (-616 -2048 3764 ) (-736 -2048 3764 ) (-736 -2048 104 ) (-616 -2048 104 ) 
4 215 240 (-744 -1888 16 ) (-744 -2048 16 ) (-744 -2048 128 ) (-744 -1888 128 ) 
4 215 223 (-744 -2048 144 ) (-744 -2048 270 ) (-744 -1888 270 ) (-744 -1888 144 ) 
4 215 221 (-744 -2048 270 ) (-744 -2048 3764 ) (-744 -1888 3764 ) (-744 -1888 270 ) 
4 216 219 (-464 -1024 0 ) (0 -1024 0 ) (0 -1888 0 ) (-464 -1888 0 ) 
4 216 218 (-464 -1888 0 ) (0 -1888 0 ) (0 -1888 16 ) (-464 -1888 16 ) 
4 216 217 (-464 -1140 0 ) (-464 -1888 0 ) (-464 -1888 16 ) (-464 -1140 16 ) 
4 217 219 (-744 -1888 0 ) (-744 -1140 0 ) (-464 -1140 0 ) (-464 -1888 0 ) 
4 217 218 (-536 -1888 0 ) (-464 -1888 0 ) (-464 -1888 16 ) (-536 -1888 16 ) 
4 218 252 (0 -2048 0 ) (0 -2048 16 ) (-536 -2048 16 ) (-536 -2048 0 ) 
4 218 219 (-536 -1888 0 ) (0 -1888 0 ) (0 -2048 0 ) (-536 -2048 0 ) 
4 219 254 (0 -2048 -888 ) (0 -2048 0 ) (-744 -2048 0 ) (-744 -2048 -888 ) 
4 219 243 (-744 -1024 0 ) (-744 -1024 -888 ) (-744 -2048 -888 ) (-744 -2048 0 ) 
4 220 221 (-880 -1862 3764 ) (-880 -1862 288 ) (-744 -1862 288 ) (-744 -1862 3764 ) 
4 220 222 (-880 -1862 288 ) (-880 -1862 3764 ) (-880 -1024 3764 ) (-880 -1024 288 ) 
4 221 255 (-744 -2048 270 ) (-744 -2048 3764 ) (-752 -2048 3764 ) (-752 -2048 270 ) 
4 221 259 (-752 -2048 3764 ) (-880 -2048 3764 ) (-880 -2048 270 ) (-752 -2048 270 ) 
4 221 223 (-744 -1862 270 ) (-744 -2048 270 ) (-880 -2048 270 ) (-880 -1862 270 ) 
4 221 222 (-880 -1862 270 ) (-880 -2048 270 ) (-880 -2048 3764 ) (-880 -1862 3764 ) 
4 222 259 (-880 -2048 3764 ) (-932 -2048 3764 ) (-932 -2048 270 ) (-880 -2048 270 ) 
4 222 230 (-932 -1640 270 ) (-932 -1816 270 ) (-932 -1816 3764 ) (-932 -1640 3764 ) 
4 222 229 (-932 -1616 270 ) (-932 -1640 270 ) (-932 -1640 3764 ) (-932 -1616 3764 ) 
4 222 234 (-932 -1816 270 ) (-932 -2048 270 ) (-932 -2048 3764 ) (-932 -1816 3764 ) 
4 222 228 (-932 -1604 270 ) (-932 -1616 270 ) (-932 -1616 3764 ) (-932 -1604 3764 ) 
4 222 227 (-932 -1024 3764 ) (-932 -1024 270 ) (-932 -1604 270 ) (-932 -1604 3764 ) 
4 222 225 (-932 -1852 270 ) (-932 -1604 270 ) (-920 -1604 270 ) (-920 -1852 270 ) 
4 222 224 (-932 -1604 270 ) (-932 -1024 270 ) (-920 -1024 270 ) (-920 -1604 270 ) 
4 222 226 (-932 -2048 270 ) (-932 -1852 270 ) (-920 -1852 270 ) (-920 -2048 270 ) 
4 222 223 (-920 -1024 270 ) (-880 -1024 270 ) (-880 -2048 270 ) (-920 -2048 270 ) 
4 223 262 (-752 -2048 232 ) (-920 -2048 232 ) (-920 -2048 144 ) (-752 -2048 144 ) 
4 223 255 (-744 -2048 232 ) (-744 -2048 270 ) (-752 -2048 270 ) (-752 -2048 232 ) 
4 223 259 (-752 -2048 270 ) (-920 -2048 270 ) (-920 -2048 232 ) (-752 -2048 232 ) 
4 223 236 (-920 -1024 144 ) (-880 -1024 144 ) (-880 -1864 144 ) (-920 -1864 144 ) 
4 223 225 (-920 -1852 260 ) (-920 -1852 270 ) (-920 -1604 270 ) (-920 -1604 260 ) 
4 223 224 (-920 -1024 144 ) (-920 -1604 144 ) (-920 -1604 270 ) (-920 -1024 270 ) 
4 223 226 (-920 -1852 144 ) (-920 -2048 144 ) (-920 -2048 270 ) (-920 -1852 270 ) 
4 224 236 (-932 -1024 144 ) (-920 -1024 144 ) (-920 -1604 144 ) (-932 -1604 144 ) 
4 224 227 (-932 -1024 270 ) (-932 -1024 144 ) (-932 -1604 144 ) (-932 -1604 270 ) 
4 224 225 (-920 -1604 260 ) (-920 -1604 270 ) (-932 -1604 270 ) (-932 -1604 260 ) 
4 225 230 (-932 -1816 270 ) (-932 -1640 270 ) (-932 -1640 260 ) (-932 -1816 260 ) 
4 225 229 (-932 -1640 270 ) (-932 -1616 270 ) (-932 -1616 260 ) (-932 -1640 260 ) 
4 225 234 (-932 -1852 260 ) (-932 -1852 270 ) (-932 -1816 270 ) (-932 -1816 260 ) 
4 225 228 (-932 -1616 270 ) (-932 -1604 270 ) (-932 -1604 260 ) (-932 -1616 260 ) 
4 225 226 (-920 -1852 260 ) (-920 -1852 270 ) (-932 -1852 270 ) (-932 -1852 260 ) 
4 226 262 (-932 -2048 232 ) (-932 -2048 144 ) (-920 -2048 144 ) (-920 -2048 232 ) 
4 226 259 (-920 -2048 270 ) (-932 -2048 270 ) (-932 -2048 232 ) (-920 -2048 232 ) 
4 226 236 (-920 -1852 144 ) (-920 -1864 144 ) (-932 -1864 144 ) (-932 -1852 144 ) 
4 226 234 (-932 -1852 144 ) (-932 -2048 144 ) (-932 -2048 270 ) (-932 -1852 270 ) 
4 227 269 (-1024 -1024 260 ) (-1024 -1024 144 ) (-1024 -1604 144 ) (-1024 -1604 260 ) 
4 227 268 (-1024 -1024 3764 ) (-1024 -1024 260 ) (-1024 -1604 260 ) (-1024 -1604 3764 ) 
4 227 237 (-1024 -1024 144 ) (-932 -1024 144 ) (-932 -1604 144 ) (-1024 -1604 144 ) 
4 227 228 (-932 -1604 260 ) (-932 -1604 3764 ) (-1024 -1604 3764 ) (-1024 -1604 260 ) 
4 228 268 (-1024 -1616 260 ) (-1024 -1616 3764 ) (-1024 -1604 3764 ) (-1024 -1604 260 ) 
4 228 229 (-932 -1616 260 ) (-932 -1616 3764 ) (-1024 -1616 3764 ) (-1024 -1616 260 ) 
4 229 270 (-1024 -1616 144 ) (-1024 -1640 144 ) (-1024 -1640 260 ) (-1024 -1616 260 ) 
4 229 268 (-1024 -1640 260 ) (-1024 -1640 3764 ) (-1024 -1616 3764 ) (-1024 -1616 260 ) 
4 229 232 (-936 -1640 236 ) (-1024 -1640 236 ) (-1024 -1640 176 ) (-936 -1640 176 ) 
4 229 231 (-932 -1640 176 ) (-932 -1640 236 ) (-936 -1640 236 ) (-936 -1640 176 ) 
4 229 230 (-932 -1640 236 ) (-932 -1640 3764 ) (-1024 -1640 3764 ) (-1024 -1640 236 ) 
4 229 233 (-1024 -1640 144 ) (-932 -1640 144 ) (-932 -1640 176 ) (-1024 -1640 176 ) 
4 230 270 (-1024 -1816 236 ) (-1024 -1816 260 ) (-1024 -1640 260 ) (-1024 -1640 236 ) 
4 230 268 (-1024 -1816 260 ) (-1024 -1816 3764 ) (-1024 -1640 3764 ) (-1024 -1640 260 ) 
4 230 232 (-936 -1816 236 ) (-1024 -1816 236 ) (-1024 -1640 236 ) (-936 -1640 236 ) 
4 230 231 (-932 -1816 236 ) (-936 -1816 236 ) (-936 -1640 236 ) (-932 -1640 236 ) 
4 230 234 (-932 -1816 236 ) (-932 -1816 3764 ) (-1024 -1816 3764 ) (-1024 -1816 236 ) 
4 231 234 (-932 -1816 176 ) (-932 -1816 236 ) (-936 -1816 236 ) (-936 -1816 176 ) 
4 231 233 (-932 -1816 176 ) (-936 -1816 176 ) (-936 -1640 176 ) (-932 -1640 176 ) 
4 231 232 (-936 -1640 176 ) (-936 -1816 176 ) (-936 -1816 236 ) (-936 -1640 236 ) 
4 232 270 (-1024 -1816 176 ) (-1024 -1816 236 ) (-1024 -1640 236 ) (-1024 -1640 176 ) 
4 232 234 (-936 -1816 236 ) (-1024 -1816 236 ) (-1024 -1816 176 ) (-936 -1816 176 ) 
4 232 233 (-936 -1816 176 ) (-1024 -1816 176 ) (-1024 -1640 176 ) (-936 -1640 176 ) 
4 233 270 (-1024 -1640 144 ) (-1024 -1816 144 ) (-1024 -1816 176 ) (-1024 -1640 176 ) 
4 233 234 (-1024 -1816 144 ) (-932 -1816 144 ) (-932 -1816 176 ) (-1024 -1816 176 ) 
4 234 270 (-1024 -1816 144 ) (-1024 -2048 144 ) (-1024 -2048 260 ) (-1024 -1816 260 ) 
4 234 268 (-1024 -2048 260 ) (-1024 -2048 3764 ) (-1024 -1816 3764 ) (-1024 -1816 260 ) 
4 234 262 (-1024 -2048 232 ) (-1024 -2048 144 ) (-932 -2048 144 ) (-932 -2048 232 ) 
4 234 259 (-1024 -2048 3764 ) (-1024 -2048 232 ) (-932 -2048 232 ) (-932 -2048 3764 ) 
4 234 239 (-932 -1852 144 ) (-932 -1864 144 ) (-1024 -1864 144 ) (-1024 -1852 144 ) 
4 235 240 (-880 -1864 16 ) (-744 -1864 16 ) (-744 -1864 128 ) (-880 -1864 128 ) 
4 235 236 (-880 -1024 16 ) (-880 -1864 16 ) (-880 -1864 136 ) (-880 -1024 136 ) 
4 236 241 (-932 -1024 16 ) (-880 -1024 16 ) (-880 -1864 16 ) (-932 -1864 16 ) 
4 236 240 (-932 -1864 16 ) (-880 -1864 16 ) (-880 -1864 128 ) (-932 -1864 128 ) 
4 236 238 (-932 -1604 16 ) (-932 -1852 16 ) (-932 -1852 132 ) (-932 -1604 132 ) 
4 236 237 (-932 -1024 16 ) (-932 -1604 16 ) (-932 -1604 144 ) (-932 -1024 144 ) 
4 236 239 (-932 -1852 16 ) (-932 -1864 16 ) (-932 -1864 144 ) (-932 -1852 144 ) 
4 237 279 (-1024 -1024 132 ) (-1024 -1024 16 ) (-1024 -1604 16 ) (-1024 -1604 132 ) 
4 237 275 (-1024 -1024 144 ) (-1024 -1024 132 ) (-1024 -1604 132 ) (-1024 -1604 144 ) 
4 237 241 (-1024 -1604 16 ) (-1024 -1024 16 ) (-932 -1024 16 ) (-932 -1604 16 ) 
4 237 238 (-1024 -1604 16 ) (-932 -1604 16 ) (-932 -1604 132 ) (-1024 -1604 132 ) 
4 238 279 (-1024 -1604 16 ) (-1024 -1852 16 ) (-1024 -1852 132 ) (-1024 -1604 132 ) 
4 238 241 (-1024 -1852 16 ) (-1024 -1604 16 ) (-932 -1604 16 ) (-932 -1852 16 ) 
4 238 239 (-1024 -1852 16 ) (-932 -1852 16 ) (-932 -1852 132 ) (-1024 -1852 132 ) 
4 239 279 (-1024 -1852 16 ) (-1024 -1864 16 ) (-1024 -1864 132 ) (-1024 -1852 132 ) 
4 239 277 (-1024 -1864 132 ) (-1024 -1864 144 ) (-1024 -1852 144 ) (-1024 -1852 132 ) 
4 239 241 (-1024 -1864 16 ) (-1024 -1852 16 ) (-932 -1852 16 ) (-932 -1864 16 ) 
4 239 240 (-1024 -1864 16 ) (-932 -1864 16 ) (-932 -1864 128 ) (-1024 -1864 128 ) 
4 240 280 (-1024 -1864 16 ) (-1024 -2048 16 ) (-1024 -2048 128 ) (-1024 -1864 128 ) 
4 240 263 (-744 -2048 16 ) (-744 -2048 128 ) (-1024 -2048 128 ) (-1024 -2048 16 ) 
4 240 242 (-1024 -2048 16 ) (-1024 -1912 16 ) (-952 -1912 16 ) (-952 -2048 16 ) 
4 240 241 (-1024 -1912 16 ) (-1024 -1864 16 ) (-880 -1864 16 ) (-880 -1912 16 ) 
4 241 280 (-1024 -1864 0 ) (-1024 -1912 0 ) (-1024 -1912 16 ) (-1024 -1864 16 ) 
4 241 279 (-1024 -1024 16 ) (-1024 -1024 0 ) (-1024 -1864 0 ) (-1024 -1864 16 ) 
4 241 243 (-1024 -1024 0 ) (-880 -1024 0 ) (-880 -1912 0 ) (-1024 -1912 0 ) 
4 241 242 (-1024 -1912 0 ) (-952 -1912 0 ) (-952 -1912 16 ) (-1024 -1912 16 ) 
4 242 280 (-1024 -1912 0 ) (-1024 -2048 0 ) (-1024 -2048 16 ) (-1024 -1912 16 ) 
4 242 267 (-952 -2048 16 ) (-1024 -2048 16 ) (-1024 -2048 0 ) (-952 -2048 0 ) 
4 242 243 (-952 -2048 0 ) (-1024 -2048 0 ) (-1024 -1912 0 ) (-952 -1912 0 ) 
4 243 280 (-1024 -1864 -888 ) (-1024 -2048 -888 ) (-1024 -2048 0 ) (-1024 -1864 0 ) 
4 243 279 (-1024 -1024 0 ) (-1024 -1024 -888 ) (-1024 -1864 -888 ) (-1024 -1864 0 ) 
4 243 265 (-744 -2048 -888 ) (-744 -2048 0 ) (-952 -2048 0 ) (-952 -2048 -888 ) 
4 243 267 (-952 -2048 0 ) (-1024 -2048 0 ) (-1024 -2048 -888 ) (-952 -2048 -888 ) 
4 244 304 (0 -3072 104 ) (0 -3072 3764 ) (-736 -3072 3764 ) (-736 -3072 104 ) 
4 244 248 (0 -3072 104 ) (-736 -3072 104 ) (-736 -2048 104 ) (0 -2048 104 ) 
4 244 246 (-736 -2144 120 ) (-736 -2144 3764 ) (-736 -2056 3764 ) (-736 -2056 120 ) 
4 244 245 (-736 -2048 104 ) (-736 -2056 104 ) (-736 -2056 3764 ) (-736 -2048 3764 ) 
4 244 247 (-736 -2144 104 ) (-736 -3072 104 ) (-736 -3072 3764 ) (-736 -2144 3764 ) 
4 245 263 (-744 -2048 128 ) (-744 -2048 104 ) (-744 -2056 104 ) (-744 -2056 128 ) 
4 245 255 (-744 -2048 3764 ) (-744 -2048 232 ) (-744 -2056 232 ) (-744 -2056 3764 ) 
4 245 249 (-744 -2056 104 ) (-744 -2048 104 ) (-736 -2048 104 ) (-736 -2056 104 ) 
4 245 246 (-736 -2056 120 ) (-736 -2056 3764 ) (-744 -2056 3764 ) (-744 -2056 120 ) 
4 246 263 (-744 -2144 120 ) (-744 -2144 128 ) (-744 -2056 128 ) (-744 -2056 120 ) 
4 246 260 (-744 -2136 232 ) (-744 -2064 232 ) (-744 -2064 144 ) (-744 -2136 144 ) 
4 246 256 (-744 -2144 264 ) (-744 -2144 3764 ) (-744 -2056 3764 ) (-744 -2056 264 ) 
4 246 257 (-744 -2144 232 ) (-744 -2144 248 ) (-744 -2056 248 ) (-744 -2056 232 ) 
4 246 247 (-736 -2144 120 ) (-736 -2144 3764 ) (-744 -2144 3764 ) (-744 -2144 120 ) 
4 247 304 (-736 -3072 3764 ) (-744 -3072 3764 ) (-744 -3072 104 ) (-736 -3072 104 ) 
4 247 263 (-744 -2144 104 ) (-744 -2344 104 ) (-744 -2344 128 ) (-744 -2144 128 ) 
4 247 264 (-744 -2344 104 ) (-744 -3072 104 ) (-744 -3072 144 ) (-744 -2344 144 ) 
4 247 261 (-744 -3072 144 ) (-744 -3072 232 ) (-744 -2152 232 ) (-744 -2152 144 ) 
4 247 258 (-744 -3072 232 ) (-744 -3072 3764 ) (-744 -2144 3764 ) (-744 -2144 232 ) 
4 247 251 (-736 -3072 104 ) (-744 -3072 104 ) (-744 -2144 104 ) (-736 -2144 104 ) 
4 248 304 (0 -3072 16 ) (0 -3072 104 ) (-736 -3072 104 ) (-736 -3072 16 ) 
4 248 253 (-536 -2216 16 ) (-536 -3072 16 ) (-736 -3072 16 ) (-736 -2216 16 ) 
4 248 252 (-536 -2048 16 ) (0 -2048 16 ) (0 -3072 16 ) (-536 -3072 16 ) 
4 248 251 (-736 -2144 16 ) (-736 -3072 16 ) (-736 -3072 104 ) (-736 -2144 104 ) 
4 248 249 (-736 -2048 16 ) (-736 -2056 16 ) (-736 -2056 104 ) (-736 -2048 104 ) 
4 248 250 (-736 -2072 16 ) (-736 -2128 16 ) (-736 -2128 104 ) (-736 -2072 104 ) 
4 249 263 (-744 -2048 104 ) (-744 -2048 16 ) (-744 -2056 16 ) (-744 -2056 104 ) 
4 250 263 (-744 -2072 16 ) (-744 -2128 16 ) (-744 -2128 104 ) (-744 -2072 104 ) 
4 251 304 (-736 -3072 104 ) (-744 -3072 104 ) (-744 -3072 16 ) (-736 -3072 16 ) 
4 251 263 (-744 -2144 16 ) (-744 -2344 16 ) (-744 -2344 104 ) (-744 -2144 104 ) 
4 251 264 (-744 -2344 16 ) (-744 -3072 16 ) (-744 -3072 104 ) (-744 -2344 104 ) 
4 251 253 (-744 -3072 16 ) (-744 -2216 16 ) (-736 -2216 16 ) (-736 -3072 16 ) 
4 252 304 (0 -3072 0 ) (0 -3072 16 ) (-536 -3072 16 ) (-536 -3072 0 ) 
4 252 254 (0 -3072 0 ) (-536 -3072 0 ) (-536 -2048 0 ) (0 -2048 0 ) 
4 252 253 (-536 -2216 0 ) (-536 -3072 0 ) (-536 -3072 16 ) (-536 -2216 16 ) 
4 253 304 (-536 -3072 16 ) (-744 -3072 16 ) (-744 -3072 0 ) (-536 -3072 0 ) 
4 253 266 (-744 -2216 0 ) (-744 -3072 0 ) (-744 -3072 16 ) (-744 -2216 16 ) 
4 253 254 (-536 -3072 0 ) (-744 -3072 0 ) (-744 -2216 0 ) (-536 -2216 0 ) 
4 254 304 (0 -3072 -888 ) (0 -3072 0 ) (-744 -3072 0 ) (-744 -3072 -888 ) 
4 254 265 (-744 -2048 0 ) (-744 -2048 -888 ) (-744 -2144 -888 ) (-744 -2144 0 ) 
4 254 266 (-744 -2144 -888 ) (-744 -3072 -888 ) (-744 -3072 0 ) (-744 -2144 0 ) 
4 255 256 (-752 -2056 3764 ) (-752 -2056 264 ) (-744 -2056 264 ) (-744 -2056 3764 ) 
4 255 257 (-752 -2056 248 ) (-752 -2056 232 ) (-744 -2056 232 ) (-744 -2056 248 ) 
4 255 259 (-752 -2048 232 ) (-752 -2056 232 ) (-752 -2056 3764 ) (-752 -2048 3764 ) 
4 256 258 (-752 -2144 3764 ) (-752 -2144 264 ) (-744 -2144 264 ) (-744 -2144 3764 ) 
4 256 259 (-752 -2144 264 ) (-752 -2144 3764 ) (-752 -2056 3764 ) (-752 -2056 264 ) 
4 257 260 (-744 -2064 232 ) (-744 -2136 232 ) (-752 -2136 232 ) (-752 -2064 232 ) 
4 257 259 (-752 -2056 232 ) (-752 -2144 232 ) (-752 -2144 248 ) (-752 -2056 248 ) 
4 257 258 (-752 -2144 248 ) (-752 -2144 232 ) (-744 -2144 232 ) (-744 -2144 248 ) 
4 258 304 (-744 -3072 232 ) (-744 -3072 3764 ) (-752 -3072 3764 ) (-752 -3072 232 ) 
4 258 261 (-744 -2152 232 ) (-744 -3072 232 ) (-752 -3072 232 ) (-752 -2152 232 ) 
4 258 259 (-752 -2144 232 ) (-752 -3072 232 ) (-752 -3072 3764 ) (-752 -2144 3764 ) 
4 259 304 (-752 -3072 3764 ) (-1024 -3072 3764 ) (-1024 -3072 232 ) (-752 -3072 232 ) 
4 259 283 (-1024 -3072 232 ) (-1024 -3072 3764 ) (-1024 -2048 3764 ) (-1024 -2048 232 ) 
4 259 262 (-1024 -3072 232 ) (-1024 -2048 232 ) (-752 -2048 232 ) (-752 -3072 232 ) 
4 260 262 (-752 -2064 144 ) (-752 -2136 144 ) (-752 -2136 232 ) (-752 -2064 232 ) 
4 261 304 (-744 -3072 144 ) (-744 -3072 232 ) (-752 -3072 232 ) (-752 -3072 144 ) 
4 261 264 (-744 -2344 144 ) (-744 -3072 144 ) (-752 -3072 144 ) (-752 -2344 144 ) 
4 261 262 (-752 -2152 144 ) (-752 -3072 144 ) (-752 -3072 232 ) (-752 -2152 232 ) 
4 262 304 (-752 -3072 232 ) (-1024 -3072 232 ) (-1024 -3072 144 ) (-752 -3072 144 ) 
4 262 283 (-1024 -3072 144 ) (-1024 -3072 232 ) (-1024 -2048 232 ) (-1024 -2048 144 ) 
4 262 264 (-752 -3072 144 ) (-1024 -3072 144 ) (-1024 -2344 144 ) (-752 -2344 144 ) 
4 263 287 (-1024 -2048 128 ) (-1024 -2048 16 ) (-1024 -2344 16 ) (-1024 -2344 128 ) 
4 263 266 (-744 -2144 16 ) (-744 -2344 16 ) (-952 -2344 16 ) (-952 -2144 16 ) 
4 263 267 (-952 -2344 16 ) (-1024 -2344 16 ) (-1024 -2048 16 ) (-952 -2048 16 ) 
4 263 264 (-1024 -2344 16 ) (-744 -2344 16 ) (-744 -2344 128 ) (-1024 -2344 128 ) 
4 264 304 (-744 -3072 16 ) (-744 -3072 144 ) (-1024 -3072 144 ) (-1024 -3072 16 ) 
4 264 287 (-1024 -3072 16 ) (-1024 -3072 128 ) (-1024 -2344 128 ) (-1024 -2344 16 ) 
4 264 284 (-1024 -3072 128 ) (-1024 -3072 144 ) (-1024 -2344 144 ) (-1024 -2344 128 ) 
4 264 266 (-744 -2344 16 ) (-744 -3072 16 ) (-952 -3072 16 ) (-952 -2344 16 ) 
4 264 267 (-952 -3072 16 ) (-1024 -3072 16 ) (-1024 -2344 16 ) (-952 -2344 16 ) 
4 265 266 (-952 -2144 0 ) (-952 -2144 -888 ) (-744 -2144 -888 ) (-744 -2144 0 ) 
4 265 267 (-952 -2048 -888 ) (-952 -2144 -888 ) (-952 -2144 0 ) (-952 -2048 0 ) 
4 266 304 (-744 -3072 -888 ) (-744 -3072 16 ) (-952 -3072 16 ) (-952 -3072 -888 ) 
4 266 267 (-952 -2144 -888 ) (-952 -3072 -888 ) (-952 -3072 16 ) (-952 -2144 16 ) 
4 267 304 (-952 -3072 16 ) (-1024 -3072 16 ) (-1024 -3072 -888 ) (-952 -3072 -888 ) 
4 267 287 (-1024 -3072 -888 ) (-1024 -3072 16 ) (-1024 -2048 16 ) (-1024 -2048 -888 ) 
4 268 283 (-1024 -2048 260 ) (-1024 -2048 3764 ) (-2048 -2048 3764 ) (-2048 -2048 260 ) 
4 268 282 (-2048 -1024 3764 ) (-2048 -1024 260 ) (-2048 -2048 260 ) (-2048 -2048 3764 ) 
4 268 273 (-1312 -1852 260 ) (-1312 -2048 260 ) (-1340 -2048 260 ) (-1340 -1852 260 ) 
4 268 271 (-1340 -1024 260 ) (-1312 -1024 260 ) (-1312 -1604 260 ) (-1340 -1604 260 ) 
4 268 274 (-2048 -2048 260 ) (-2048 -1024 260 ) (-1340 -1024 260 ) (-1340 -2048 260 ) 
4 268 269 (-1312 -1024 260 ) (-1024 -1024 260 ) (-1024 -1604 260 ) (-1312 -1604 260 ) 
4 268 270 (-1024 -1616 260 ) (-1024 -2048 260 ) (-1312 -2048 260 ) (-1312 -1616 260 ) 
4 269 275 (-1312 -1604 144 ) (-1312 -1024 144 ) (-1024 -1024 144 ) (-1024 -1604 144 ) 
4 269 271 (-1312 -1024 144 ) (-1312 -1604 144 ) (-1312 -1604 260 ) (-1312 -1024 260 ) 
4 270 283 (-1024 -2048 144 ) (-1024 -2048 260 ) (-1312 -2048 260 ) (-1312 -2048 144 ) 
4 270 281 (-1256 -2048 144 ) (-1312 -2048 144 ) (-1312 -1864 144 ) (-1256 -1864 144 ) 
4 270 277 (-1044 -1852 144 ) (-1024 -1852 144 ) (-1024 -1864 144 ) (-1044 -1864 144 ) 
4 270 278 (-1312 -1864 144 ) (-1312 -1852 144 ) (-1120 -1852 144 ) (-1120 -1864 144 ) 
4 270 273 (-1312 -1852 144 ) (-1312 -2048 144 ) (-1312 -2048 260 ) (-1312 -1852 260 ) 
4 270 272 (-1312 -1636 144 ) (-1312 -1712 144 ) (-1312 -1712 252 ) (-1312 -1636 252 ) 
4 271 275 (-1340 -1604 144 ) (-1340 -1024 144 ) (-1312 -1024 144 ) (-1312 -1604 144 ) 
4 271 274 (-1340 -1024 144 ) (-1340 -1604 144 ) (-1340 -1604 260 ) (-1340 -1024 260 ) 
4 272 274 (-1340 -1636 144 ) (-1340 -1712 144 ) (-1340 -1712 252 ) (-1340 -1636 252 ) 
4 273 283 (-1312 -2048 260 ) (-1340 -2048 260 ) (-1340 -2048 144 ) (-1312 -2048 144 ) 
4 273 281 (-1312 -2048 144 ) (-1340 -2048 144 ) (-1340 -1864 144 ) (-1312 -1864 144 ) 
4 273 278 (-1340 -1864 144 ) (-1340 -1852 144 ) (-1312 -1852 144 ) (-1312 -1864 144 ) 
4 273 274 (-1340 -1852 144 ) (-1340 -2048 144 ) (-1340 -2048 260 ) (-1340 -1852 260 ) 
4 274 283 (-1340 -2048 260 ) (-2048 -2048 260 ) (-2048 -2048 144 ) (-1340 -2048 144 ) 
4 274 282 (-2048 -1024 260 ) (-2048 -1024 144 ) (-2048 -2048 144 ) (-2048 -2048 260 ) 
4 274 281 (-1340 -2048 144 ) (-2048 -2048 144 ) (-2048 -1864 144 ) (-1340 -1864 144 ) 
4 274 278 (-2048 -1864 144 ) (-2048 -1852 144 ) (-1340 -1852 144 ) (-1340 -1864 144 ) 
4 274 276 (-2048 -1852 144 ) (-2048 -1024 144 ) (-1340 -1024 144 ) (-1340 -1852 144 ) 
4 275 279 (-1340 -1024 132 ) (-1024 -1024 132 ) (-1024 -1604 132 ) (-1340 -1604 132 ) 
4 275 276 (-1340 -1024 132 ) (-1340 -1604 132 ) (-1340 -1604 144 ) (-1340 -1024 144 ) 
4 276 282 (-2048 -1024 144 ) (-2048 -1024 132 ) (-2048 -1852 132 ) (-2048 -1852 144 ) 
4 276 279 (-2048 -1852 132 ) (-2048 -1024 132 ) (-1340 -1024 132 ) (-1340 -1852 132 ) 
4 276 278 (-2048 -1852 132 ) (-1340 -1852 132 ) (-1340 -1852 144 ) (-2048 -1852 144 ) 
4 277 279 (-1024 -1864 132 ) (-1044 -1864 132 ) (-1044 -1852 132 ) (-1024 -1852 132 ) 
4 278 282 (-2048 -1852 132 ) (-2048 -1864 132 ) (-2048 -1864 144 ) (-2048 -1852 144 ) 
4 278 281 (-1256 -1864 144 ) (-2048 -1864 144 ) (-2048 -1864 132 ) (-1256 -1864 132 ) 
4 278 279 (-1120 -1864 132 ) (-2048 -1864 132 ) (-2048 -1852 132 ) (-1120 -1852 132 ) 
4 279 282 (-2048 -1024 132 ) (-2048 -1024 -888 ) (-2048 -1864 -888 ) (-2048 -1864 132 ) 
4 279 280 (-1256 -1864 -888 ) (-1024 -1864 -888 ) (-1024 -1864 128 ) (-1256 -1864 128 ) 
4 279 281 (-2048 -1864 132 ) (-2048 -1864 -888 ) (-1256 -1864 -888 ) (-1256 -1864 132 ) 
4 280 287 (-1024 -2048 -888 ) (-1024 -2048 128 ) (-1256 -2048 128 ) (-1256 -2048 -888 ) 
4 280 281 (-1256 -1864 128 ) (-1256 -1864 -888 ) (-1256 -2048 -888 ) (-1256 -2048 128 ) 
4 281 287 (-2048 -2048 128 ) (-2048 -2048 -888 ) (-1256 -2048 -888 ) (-1256 -2048 128 ) 
4 281 285 (-1256 -2048 144 ) (-2048 -2048 144 ) (-2048 -2048 128 ) (-1256 -2048 128 ) 
4 281 282 (-2048 -2048 -888 ) (-2048 -2048 144 ) (-2048 -1864 144 ) (-2048 -1864 -888 ) 
4 282 294 (-3072 -2048 -888 ) (-3072 -2048 3764 ) (-3072 -1024 3764 ) (-3072 -1024 -888 ) 
4 282 291 (-2048 -2048 -888 ) (-2048 -2048 128 ) (-3072 -2048 128 ) (-3072 -2048 -888 ) 
4 282 288 (-2048 -2048 128 ) (-2048 -2048 3764 ) (-3072 -2048 3764 ) (-3072 -2048 128 ) 
4 283 306 (-1024 -3072 144 ) (-1024 -3072 3764 ) (-2048 -3072 3764 ) (-2048 -3072 144 ) 
4 283 289 (-2048 -2056 144 ) (-2048 -2192 144 ) (-2048 -2192 3764 ) (-2048 -2056 3764 ) 
4 283 288 (-2048 -2048 3764 ) (-2048 -2048 144 ) (-2048 -2056 144 ) (-2048 -2056 3764 ) 
4 283 290 (-2048 -2192 144 ) (-2048 -3072 144 ) (-2048 -3072 3764 ) (-2048 -2192 3764 ) 
4 283 285 (-2048 -2056 144 ) (-2048 -2048 144 ) (-1256 -2048 144 ) (-1256 -2056 144 ) 
4 283 286 (-1256 -3072 144 ) (-2048 -3072 144 ) (-2048 -2192 144 ) (-1256 -2192 144 ) 
4 283 284 (-1024 -3072 144 ) (-1256 -3072 144 ) (-1256 -2344 144 ) (-1024 -2344 144 ) 
4 284 306 (-1024 -3072 128 ) (-1024 -3072 144 ) (-1256 -3072 144 ) (-1256 -3072 128 ) 
4 284 287 (-1024 -2344 128 ) (-1024 -3072 128 ) (-1256 -3072 128 ) (-1256 -2344 128 ) 
4 284 286 (-1256 -2344 128 ) (-1256 -3072 128 ) (-1256 -3072 144 ) (-1256 -2344 144 ) 
4 285 288 (-2048 -2048 144 ) (-2048 -2048 128 ) (-2048 -2056 128 ) (-2048 -2056 144 ) 
4 285 287 (-2048 -2048 128 ) (-1256 -2048 128 ) (-1256 -2056 128 ) (-2048 -2056 128 ) 
4 286 306 (-1256 -3072 144 ) (-2048 -3072 144 ) (-2048 -3072 128 ) (-1256 -3072 128 ) 
4 286 290 (-2048 -2192 128 ) (-2048 -3072 128 ) (-2048 -3072 144 ) (-2048 -2192 144 ) 
4 286 287 (-1256 -2192 128 ) (-1256 -3072 128 ) (-2048 -3072 128 ) (-2048 -2192 128 ) 
4 287 306 (-1024 -3072 -888 ) (-1024 -3072 128 ) (-2048 -3072 128 ) (-2048 -3072 -888 ) 
4 287 291 (-2048 -2048 128 ) (-2048 -2048 -888 ) (-2048 -3072 -888 ) (-2048 -3072 128 ) 
4 288 295 (-3072 -2056 3764 ) (-3072 -2048 3764 ) (-3072 -2048 128 ) (-3072 -2056 128 ) 
4 288 291 (-2048 -2048 128 ) (-2048 -2056 128 ) (-3072 -2056 128 ) (-3072 -2048 128 ) 
4 288 289 (-2048 -2056 144 ) (-2048 -2056 3764 ) (-3072 -2056 3764 ) (-3072 -2056 144 ) 
4 289 296 (-3072 -2192 3764 ) (-3072 -2056 3764 ) (-3072 -2056 144 ) (-3072 -2192 144 ) 
4 289 290 (-2048 -2192 144 ) (-2048 -2192 3764 ) (-3072 -2192 3764 ) (-3072 -2192 144 ) 
4 290 307 (-2048 -3072 128 ) (-2048 -3072 3764 ) (-3072 -3072 3764 ) (-3072 -3072 128 ) 
4 290 297 (-3072 -3072 128 ) (-3072 -3072 3764 ) (-3072 -2192 3764 ) (-3072 -2192 128 ) 
4 290 291 (-2048 -2192 128 ) (-2048 -3072 128 ) (-3072 -3072 128 ) (-3072 -2192 128 ) 
4 291 307 (-2048 -3072 -888 ) (-2048 -3072 128 ) (-3072 -3072 128 ) (-3072 -3072 -888 ) 
4 291 298 (-3072 -3072 -888 ) (-3072 -3072 128 ) (-3072 -2048 128 ) (-3072 -2048 -888 ) 
4 292 294 (-3072 -1024 -888 ) (-3072 -1024 3764 ) (-4096 -1024 3764 ) (-4096 -1024 -888 ) 
4 292 293 (-4096 0 3764 ) (-4096 0 -888 ) (-4096 -1024 -888 ) (-4096 -1024 3764 ) 
4 293 299 (-4096 -1024 -888 ) (-4096 -1024 3764 ) (-4308 -1024 3764 ) (-4308 -1024 -888 ) 
4 294 299 (-4096 -1024 3764 ) (-4096 -1024 -888 ) (-4096 -2048 -888 ) (-4096 -2048 3764 ) 
4 294 298 (-3072 -2048 -888 ) (-3072 -2048 128 ) (-4096 -2048 128 ) (-4096 -2048 -888 ) 
4 294 295 (-3072 -2048 128 ) (-3072 -2048 3764 ) (-4096 -2048 3764 ) (-4096 -2048 128 ) 
4 295 300 (-4096 -2056 3764 ) (-4096 -2048 3764 ) (-4096 -2048 128 ) (-4096 -2056 128 ) 
4 295 298 (-4096 -2056 128 ) (-4096 -2048 128 ) (-3072 -2048 128 ) (-3072 -2056 128 ) 
4 295 296 (-3072 -2056 144 ) (-3072 -2056 3764 ) (-4096 -2056 3764 ) (-4096 -2056 144 ) 
4 296 301 (-4096 -2192 3764 ) (-4096 -2056 3764 ) (-4096 -2056 144 ) (-4096 -2192 144 ) 
4 296 297 (-3072 -2192 144 ) (-3072 -2192 3764 ) (-4096 -2192 3764 ) (-4096 -2192 144 ) 
4 297 313 (-3072 -3072 128 ) (-3072 -3072 3764 ) (-4096 -3072 3764 ) (-4096 -3072 128 ) 
4 297 303 (-4096 -3072 128 ) (-4096 -3072 3764 ) (-4096 -2192 3764 ) (-4096 -2192 128 ) 
4 297 298 (-3072 -3072 128 ) (-4096 -3072 128 ) (-4096 -2192 128 ) (-3072 -2192 128 ) 
4 298 313 (-3072 -3072 -888 ) (-3072 -3072 128 ) (-4096 -3072 128 ) (-4096 -3072 -888 ) 
4 298 303 (-4096 -3072 -888 ) (-4096 -3072 128 ) (-4096 -2192 128 ) (-4096 -2192 -888 ) 
4 298 302 (-4096 -2192 128 ) (-4096 -2056 128 ) (-4096 -2056 -888 ) (-4096 -2192 -888 ) 
4 298 300 (-4096 -2056 128 ) (-4096 -2048 128 ) (-4096 -2048 -888 ) (-4096 -2056 -888 ) 
4 299 300 (-4096 -2048 -888 ) (-4096 -2048 3764 ) (-4308 -2048 3764 ) (-4308 -2048 -888 ) 
4 300 302 (-4308 -2056 -888 ) (-4096 -2056 -888 ) (-4096 -2056 128 ) (-4308 -2056 128 ) 
4 300 301 (-4096 -2056 144 ) (-4096 -2056 3764 ) (-4308 -2056 3764 ) (-4308 -2056 144 ) 
4 301 303 (-4096 -2192 144 ) (-4096 -2192 3764 ) (-4308 -2192 3764 ) (-4308 -2192 144 ) 
4 302 303 (-4308 -2192 -888 ) (-4096 -2192 -888 ) (-4096 -2192 128 ) (-4308 -2192 128 ) 
4 303 315 (-4096 -3072 -888 ) (-4096 -3072 3764 ) (-4308 -3072 3764 ) (-4308 -3072 -888 ) 
4 304 306 (-1024 -3072 3764 ) (-1024 -3072 -888 ) (-1024 -4096 -888 ) (-1024 -4096 3764 ) 
4 304 305 (0 -4096 -888 ) (0 -4096 3764 ) (-1024 -4096 3764 ) (-1024 -4096 -888 ) 
4 305 310 (0 -5120 -888 ) (0 -5120 3764 ) (-1024 -5120 3764 ) (-1024 -5120 -888 ) 
4 305 308 (-1024 -5120 -888 ) (-1024 -5120 3764 ) (-1024 -4096 3764 ) (-1024 -4096 -888 ) 
4 306 308 (-1024 -4096 -888 ) (-1024 -4096 3764 ) (-2048 -4096 3764 ) (-2048 -4096 -888 ) 
4 306 307 (-2048 -3072 3764 ) (-2048 -3072 -888 ) (-2048 -4096 -888 ) (-2048 -4096 3764 ) 
4 307 313 (-3072 -3072 3764 ) (-3072 -3072 -888 ) (-3072 -4096 -888 ) (-3072 -4096 3764 ) 
4 307 309 (-2048 -4096 -888 ) (-2048 -4096 3764 ) (-3072 -4096 3764 ) (-3072 -4096 -888 ) 
4 308 311 (-1024 -5120 -888 ) (-1024 -5120 3764 ) (-2048 -5120 3764 ) (-2048 -5120 -888 ) 
4 308 309 (-2048 -4096 3764 ) (-2048 -4096 -888 ) (-2048 -5120 -888 ) (-2048 -5120 3764 ) 
4 309 314 (-3072 -5120 -888 ) (-3072 -5120 3764 ) (-3072 -4096 3764 ) (-3072 -4096 -888 ) 
4 309 312 (-2048 -5120 -888 ) (-2048 -5120 3764 ) (-3072 -5120 3764 ) (-3072 -5120 -888 ) 
4 310 311 (-1024 -5120 3764 ) (-1024 -5120 -888 ) (-1024 -5800 -888 ) (-1024 -5800 3764 ) 
4 311 312 (-2048 -5120 3764 ) (-2048 -5120 -888 ) (-2048 -5800 -888 ) (-2048 -5800 3764 ) 
4 312 317 (-3072 -5800 3764 ) (-3072 -5120 3764 ) (-3072 -5120 -888 ) (-3072 -5800 -888 ) 
4 313 315 (-4096 -3072 3764 ) (-4096 -3072 -888 ) (-4096 -4096 -888 ) (-4096 -4096 3764 ) 
4 313 314 (-3072 -4096 -888 ) (-3072 -4096 3764 ) (-4096 -4096 3764 ) (-4096 -4096 -888 ) 
4 314 317 (-3072 -5120 -888 ) (-3072 -5120 3764 ) (-4096 -5120 3764 ) (-4096 -5120 -888 ) 
4 314 316 (-4096 -5120 -888 ) (-4096 -5120 3764 ) (-4096 -4096 3764 ) (-4096 -4096 -888 ) 
4 315 316 (-4096 -4096 -888 ) (-4096 -4096 3764 ) (-4308 -4096 3764 ) (-4308 -4096 -888 ) 
4 316 318 (-4096 -5120 -888 ) (-4096 -5120 3764 ) (-4308 -5120 3764 ) (-4308 -5120 -888 ) 
4 317 318 (-4096 -5120 3764 ) (-4096 -5120 -888 ) (-4096 -5800 -888 ) (-4096 -5800 3764 ) 
